Ultralytics YOLOv8.0.238 🚀 Python-3.11.6 torch-2.1.2+cu121 CUDA:0 (NVIDIA A30, 24062MiB)
Setup complete ✅ (192 CPUs, 1007.5 GB RAM, 81.7/589.5 GB disk)
Experiment Start: 2024-01-10T10:45:15.680256
Ultralytics YOLOv8.0.238 🚀 Python-3.11.6 torch-2.1.2+cu121 CUDA:0 (NVIDIA A30, 24062MiB)
[34m[1mengine/trainer: [0mtask=segment, mode=train, model=yolov8l-seg.pt, data=/mnt/data/dayhoff/home/u6771897/constructive_detection/datasets/constructive_seg/data_dayhoff.yaml, epochs=999, time=None, patience=50, batch=16, imgsz=640, save=True, save_period=-1, cache=False, device=None, workers=8, project=seg_train_2024-01-10, name=train3, exist_ok=False, pretrained=True, optimizer=auto, verbose=True, seed=0, deterministic=True, single_cls=False, rect=False, cos_lr=False, close_mosaic=10, resume=False, amp=True, fraction=1.0, profile=False, freeze=None, multi_scale=False, overlap_mask=True, mask_ratio=4, dropout=0.0, val=False, split=val, save_json=False, save_hybrid=False, conf=None, iou=0.7, max_det=300, half=False, dnn=False, plots=False, source=None, vid_stride=1, stream_buffer=False, visualize=False, augment=False, agnostic_nms=False, classes=None, retina_masks=False, embed=None, show=False, save_frames=False, save_txt=False, save_conf=False, save_crop=False, show_labels=True, show_conf=True, show_boxes=True, line_width=None, format=torchscript, keras=False, optimize=False, int8=False, dynamic=False, simplify=False, opset=None, workspace=4, nms=False, lr0=0.001, lrf=1e-06, momentum=0.937, weight_decay=0.0005, warmup_epochs=3.0, warmup_momentum=0.8, warmup_bias_lr=0.1, box=7.5, cls=0.5, dfl=1.5, pose=12.0, kobj=1.0, label_smoothing=0.0, nbs=64, hsv_h=0.015, hsv_s=0.7, hsv_v=0.4, degrees=0.0, translate=0.1, scale=0.5, shear=0.0, perspective=0.0, flipud=0.0, fliplr=0.5, mosaic=1.0, mixup=0.0, copy_paste=0.0, auto_augment=randaugment, erasing=0.4, crop_fraction=1.0, cfg=None, tracker=botsort.yaml, save_dir=seg_train_2024-01-10/train3
Overriding model.yaml nc=80 with nc=13

                   from  n    params  module                                       arguments                     
  0                  -1  1      1856  ultralytics.nn.modules.conv.Conv             [3, 64, 3, 2]                 
  1                  -1  1     73984  ultralytics.nn.modules.conv.Conv             [64, 128, 3, 2]               
  2                  -1  3    279808  ultralytics.nn.modules.block.C2f             [128, 128, 3, True]           
  3                  -1  1    295424  ultralytics.nn.modules.conv.Conv             [128, 256, 3, 2]              
  4                  -1  6   2101248  ultralytics.nn.modules.block.C2f             [256, 256, 6, True]           
  5                  -1  1   1180672  ultralytics.nn.modules.conv.Conv             [256, 512, 3, 2]              
  6                  -1  6   8396800  ultralytics.nn.modules.block.C2f             [512, 512, 6, True]           
  7                  -1  1   2360320  ultralytics.nn.modules.conv.Conv             [512, 512, 3, 2]              
  8                  -1  3   4461568  ultralytics.nn.modules.block.C2f             [512, 512, 3, True]           
  9                  -1  1    656896  ultralytics.nn.modules.block.SPPF            [512, 512, 5]                 
 10                  -1  1         0  torch.nn.modules.upsampling.Upsample         [None, 2, 'nearest']          
 11             [-1, 6]  1         0  ultralytics.nn.modules.conv.Concat           [1]                           
 12                  -1  3   4723712  ultralytics.nn.modules.block.C2f             [1024, 512, 3]                
 13                  -1  1         0  torch.nn.modules.upsampling.Upsample         [None, 2, 'nearest']          
 14             [-1, 4]  1         0  ultralytics.nn.modules.conv.Concat           [1]                           
 15                  -1  3   1247744  ultralytics.nn.modules.block.C2f             [768, 256, 3]                 
 16                  -1  1    590336  ultralytics.nn.modules.conv.Conv             [256, 256, 3, 2]              
 17            [-1, 12]  1         0  ultralytics.nn.modules.conv.Concat           [1]                           
 18                  -1  3   4592640  ultralytics.nn.modules.block.C2f             [768, 512, 3]                 
 19                  -1  1   2360320  ultralytics.nn.modules.conv.Conv             [512, 512, 3, 2]              
 20             [-1, 9]  1         0  ultralytics.nn.modules.conv.Concat           [1]                           
 21                  -1  3   4723712  ultralytics.nn.modules.block.C2f             [1024, 512, 3]                
 22        [15, 18, 21]  1   7899031  ultralytics.nn.modules.head.Segment          [13, 32, 256, [256, 512, 512]]
YOLOv8l-seg summary: 401 layers, 45946071 parameters, 45946055 gradients, 220.8 GFLOPs

Transferred 651/657 items from pretrained weights
Freezing layer 'model.22.dfl.conv.weight'
[34m[1mAMP: [0mrunning Automatic Mixed Precision (AMP) checks with YOLOv8n...
[34m[1mAMP: [0mchecks passed ✅
[34m[1mtrain: [0mNew cache created: /mnt/data/dayhoff/home/u6771897/constructive_detection/datasets/constructive_seg/labels/train.cache
[34m[1mval: [0mNew cache created: /mnt/data/dayhoff/home/u6771897/constructive_detection/datasets/constructive_seg/labels/val.cache
[34m[1moptimizer:[0m 'optimizer=auto' found, ignoring 'lr0=0.001' and 'momentum=0.937' and determining best 'optimizer', 'lr0' and 'momentum' automatically... 
[34m[1moptimizer:[0m AdamW(lr=0.000588, momentum=0.9) with parameter groups 106 weight(decay=0.0), 117 weight(decay=0.0005), 116 bias(decay=0.0)
999 epochs...

      Epoch    GPU_mem   box_loss   seg_loss   cls_loss   dfl_loss  Instances       Size

      Epoch    GPU_mem   box_loss   seg_loss   cls_loss   dfl_loss  Instances       Size

      Epoch    GPU_mem   box_loss   seg_loss   cls_loss   dfl_loss  Instances       Size

      Epoch    GPU_mem   box_loss   seg_loss   cls_loss   dfl_loss  Instances       Size

      Epoch    GPU_mem   box_loss   seg_loss   cls_loss   dfl_loss  Instances       Size

      Epoch    GPU_mem   box_loss   seg_loss   cls_loss   dfl_loss  Instances       Size

      Epoch    GPU_mem   box_loss   seg_loss   cls_loss   dfl_loss  Instances       Size

      Epoch    GPU_mem   box_loss   seg_loss   cls_loss   dfl_loss  Instances       Size

      Epoch    GPU_mem   box_loss   seg_loss   cls_loss   dfl_loss  Instances       Size

      Epoch    GPU_mem   box_loss   seg_loss   cls_loss   dfl_loss  Instances       Size

      Epoch    GPU_mem   box_loss   seg_loss   cls_loss   dfl_loss  Instances       Size

      Epoch    GPU_mem   box_loss   seg_loss   cls_loss   dfl_loss  Instances       Size

      Epoch    GPU_mem   box_loss   seg_loss   cls_loss   dfl_loss  Instances       Size

      Epoch    GPU_mem   box_loss   seg_loss   cls_loss   dfl_loss  Instances       Size

      Epoch    GPU_mem   box_loss   seg_loss   cls_loss   dfl_loss  Instances       Size

      Epoch    GPU_mem   box_loss   seg_loss   cls_loss   dfl_loss  Instances       Size

      Epoch    GPU_mem   box_loss   seg_loss   cls_loss   dfl_loss  Instances       Size

      Epoch    GPU_mem   box_loss   seg_loss   cls_loss   dfl_loss  Instances       Size

      Epoch    GPU_mem   box_loss   seg_loss   cls_loss   dfl_loss  Instances       Size

      Epoch    GPU_mem   box_loss   seg_loss   cls_loss   dfl_loss  Instances       Size

      Epoch    GPU_mem   box_loss   seg_loss   cls_loss   dfl_loss  Instances       Size

      Epoch    GPU_mem   box_loss   seg_loss   cls_loss   dfl_loss  Instances       Size

      Epoch    GPU_mem   box_loss   seg_loss   cls_loss   dfl_loss  Instances       Size

      Epoch    GPU_mem   box_loss   seg_loss   cls_loss   dfl_loss  Instances       Size

      Epoch    GPU_mem   box_loss   seg_loss   cls_loss   dfl_loss  Instances       Size

      Epoch    GPU_mem   box_loss   seg_loss   cls_loss   dfl_loss  Instances       Size

      Epoch    GPU_mem   box_loss   seg_loss   cls_loss   dfl_loss  Instances       Size

      Epoch    GPU_mem   box_loss   seg_loss   cls_loss   dfl_loss  Instances       Size

      Epoch    GPU_mem   box_loss   seg_loss   cls_loss   dfl_loss  Instances       Size

      Epoch    GPU_mem   box_loss   seg_loss   cls_loss   dfl_loss  Instances       Size

      Epoch    GPU_mem   box_loss   seg_loss   cls_loss   dfl_loss  Instances       Size

      Epoch    GPU_mem   box_loss   seg_loss   cls_loss   dfl_loss  Instances       Size

      Epoch    GPU_mem   box_loss   seg_loss   cls_loss   dfl_loss  Instances       Size

      Epoch    GPU_mem   box_loss   seg_loss   cls_loss   dfl_loss  Instances       Size

      Epoch    GPU_mem   box_loss   seg_loss   cls_loss   dfl_loss  Instances       Size

      Epoch    GPU_mem   box_loss   seg_loss   cls_loss   dfl_loss  Instances       Size

      Epoch    GPU_mem   box_loss   seg_loss   cls_loss   dfl_loss  Instances       Size

      Epoch    GPU_mem   box_loss   seg_loss   cls_loss   dfl_loss  Instances       Size

      Epoch    GPU_mem   box_loss   seg_loss   cls_loss   dfl_loss  Instances       Size

      Epoch    GPU_mem   box_loss   seg_loss   cls_loss   dfl_loss  Instances       Size

      Epoch    GPU_mem   box_loss   seg_loss   cls_loss   dfl_loss  Instances       Size

      Epoch    GPU_mem   box_loss   seg_loss   cls_loss   dfl_loss  Instances       Size

      Epoch    GPU_mem   box_loss   seg_loss   cls_loss   dfl_loss  Instances       Size

      Epoch    GPU_mem   box_loss   seg_loss   cls_loss   dfl_loss  Instances       Size

      Epoch    GPU_mem   box_loss   seg_loss   cls_loss   dfl_loss  Instances       Size

      Epoch    GPU_mem   box_loss   seg_loss   cls_loss   dfl_loss  Instances       Size

      Epoch    GPU_mem   box_loss   seg_loss   cls_loss   dfl_loss  Instances       Size

      Epoch    GPU_mem   box_loss   seg_loss   cls_loss   dfl_loss  Instances       Size

      Epoch    GPU_mem   box_loss   seg_loss   cls_loss   dfl_loss  Instances       Size

      Epoch    GPU_mem   box_loss   seg_loss   cls_loss   dfl_loss  Instances       Size

      Epoch    GPU_mem   box_loss   seg_loss   cls_loss   dfl_loss  Instances       Size

      Epoch    GPU_mem   box_loss   seg_loss   cls_loss   dfl_loss  Instances       Size

      Epoch    GPU_mem   box_loss   seg_loss   cls_loss   dfl_loss  Instances       Size

      Epoch    GPU_mem   box_loss   seg_loss   cls_loss   dfl_loss  Instances       Size

      Epoch    GPU_mem   box_loss   seg_loss   cls_loss   dfl_loss  Instances       Size

      Epoch    GPU_mem   box_loss   seg_loss   cls_loss   dfl_loss  Instances       Size

      Epoch    GPU_mem   box_loss   seg_loss   cls_loss   dfl_loss  Instances       Size

      Epoch    GPU_mem   box_loss   seg_loss   cls_loss   dfl_loss  Instances       Size

      Epoch    GPU_mem   box_loss   seg_loss   cls_loss   dfl_loss  Instances       Size

      Epoch    GPU_mem   box_loss   seg_loss   cls_loss   dfl_loss  Instances       Size

      Epoch    GPU_mem   box_loss   seg_loss   cls_loss   dfl_loss  Instances       Size

      Epoch    GPU_mem   box_loss   seg_loss   cls_loss   dfl_loss  Instances       Size

      Epoch    GPU_mem   box_loss   seg_loss   cls_loss   dfl_loss  Instances       Size

      Epoch    GPU_mem   box_loss   seg_loss   cls_loss   dfl_loss  Instances       Size

      Epoch    GPU_mem   box_loss   seg_loss   cls_loss   dfl_loss  Instances       Size

      Epoch    GPU_mem   box_loss   seg_loss   cls_loss   dfl_loss  Instances       Size

      Epoch    GPU_mem   box_loss   seg_loss   cls_loss   dfl_loss  Instances       Size

      Epoch    GPU_mem   box_loss   seg_loss   cls_loss   dfl_loss  Instances       Size

      Epoch    GPU_mem   box_loss   seg_loss   cls_loss   dfl_loss  Instances       Size

      Epoch    GPU_mem   box_loss   seg_loss   cls_loss   dfl_loss  Instances       Size

      Epoch    GPU_mem   box_loss   seg_loss   cls_loss   dfl_loss  Instances       Size

      Epoch    GPU_mem   box_loss   seg_loss   cls_loss   dfl_loss  Instances       Size

      Epoch    GPU_mem   box_loss   seg_loss   cls_loss   dfl_loss  Instances       Size

      Epoch    GPU_mem   box_loss   seg_loss   cls_loss   dfl_loss  Instances       Size

      Epoch    GPU_mem   box_loss   seg_loss   cls_loss   dfl_loss  Instances       Size

      Epoch    GPU_mem   box_loss   seg_loss   cls_loss   dfl_loss  Instances       Size

      Epoch    GPU_mem   box_loss   seg_loss   cls_loss   dfl_loss  Instances       Size

      Epoch    GPU_mem   box_loss   seg_loss   cls_loss   dfl_loss  Instances       Size

      Epoch    GPU_mem   box_loss   seg_loss   cls_loss   dfl_loss  Instances       Size

      Epoch    GPU_mem   box_loss   seg_loss   cls_loss   dfl_loss  Instances       Size

      Epoch    GPU_mem   box_loss   seg_loss   cls_loss   dfl_loss  Instances       Size

      Epoch    GPU_mem   box_loss   seg_loss   cls_loss   dfl_loss  Instances       Size

      Epoch    GPU_mem   box_loss   seg_loss   cls_loss   dfl_loss  Instances       Size

      Epoch    GPU_mem   box_loss   seg_loss   cls_loss   dfl_loss  Instances       Size

      Epoch    GPU_mem   box_loss   seg_loss   cls_loss   dfl_loss  Instances       Size

      Epoch    GPU_mem   box_loss   seg_loss   cls_loss   dfl_loss  Instances       Size

      Epoch    GPU_mem   box_loss   seg_loss   cls_loss   dfl_loss  Instances       Size

      Epoch    GPU_mem   box_loss   seg_loss   cls_loss   dfl_loss  Instances       Size

      Epoch    GPU_mem   box_loss   seg_loss   cls_loss   dfl_loss  Instances       Size

      Epoch    GPU_mem   box_loss   seg_loss   cls_loss   dfl_loss  Instances       Size

      Epoch    GPU_mem   box_loss   seg_loss   cls_loss   dfl_loss  Instances       Size

      Epoch    GPU_mem   box_loss   seg_loss   cls_loss   dfl_loss  Instances       Size

      Epoch    GPU_mem   box_loss   seg_loss   cls_loss   dfl_loss  Instances       Size

      Epoch    GPU_mem   box_loss   seg_loss   cls_loss   dfl_loss  Instances       Size

      Epoch    GPU_mem   box_loss   seg_loss   cls_loss   dfl_loss  Instances       Size

      Epoch    GPU_mem   box_loss   seg_loss   cls_loss   dfl_loss  Instances       Size

      Epoch    GPU_mem   box_loss   seg_loss   cls_loss   dfl_loss  Instances       Size

      Epoch    GPU_mem   box_loss   seg_loss   cls_loss   dfl_loss  Instances       Size

      Epoch    GPU_mem   box_loss   seg_loss   cls_loss   dfl_loss  Instances       Size

      Epoch    GPU_mem   box_loss   seg_loss   cls_loss   dfl_loss  Instances       Size

      Epoch    GPU_mem   box_loss   seg_loss   cls_loss   dfl_loss  Instances       Size

      Epoch    GPU_mem   box_loss   seg_loss   cls_loss   dfl_loss  Instances       Size

      Epoch    GPU_mem   box_loss   seg_loss   cls_loss   dfl_loss  Instances       Size

      Epoch    GPU_mem   box_loss   seg_loss   cls_loss   dfl_loss  Instances       Size

      Epoch    GPU_mem   box_loss   seg_loss   cls_loss   dfl_loss  Instances       Size

      Epoch    GPU_mem   box_loss   seg_loss   cls_loss   dfl_loss  Instances       Size

      Epoch    GPU_mem   box_loss   seg_loss   cls_loss   dfl_loss  Instances       Size

      Epoch    GPU_mem   box_loss   seg_loss   cls_loss   dfl_loss  Instances       Size

      Epoch    GPU_mem   box_loss   seg_loss   cls_loss   dfl_loss  Instances       Size

      Epoch    GPU_mem   box_loss   seg_loss   cls_loss   dfl_loss  Instances       Size

      Epoch    GPU_mem   box_loss   seg_loss   cls_loss   dfl_loss  Instances       Size

      Epoch    GPU_mem   box_loss   seg_loss   cls_loss   dfl_loss  Instances       Size

      Epoch    GPU_mem   box_loss   seg_loss   cls_loss   dfl_loss  Instances       Size

      Epoch    GPU_mem   box_loss   seg_loss   cls_loss   dfl_loss  Instances       Size

      Epoch    GPU_mem   box_loss   seg_loss   cls_loss   dfl_loss  Instances       Size

      Epoch    GPU_mem   box_loss   seg_loss   cls_loss   dfl_loss  Instances       Size

      Epoch    GPU_mem   box_loss   seg_loss   cls_loss   dfl_loss  Instances       Size

      Epoch    GPU_mem   box_loss   seg_loss   cls_loss   dfl_loss  Instances       Size

      Epoch    GPU_mem   box_loss   seg_loss   cls_loss   dfl_loss  Instances       Size

      Epoch    GPU_mem   box_loss   seg_loss   cls_loss   dfl_loss  Instances       Size

      Epoch    GPU_mem   box_loss   seg_loss   cls_loss   dfl_loss  Instances       Size

      Epoch    GPU_mem   box_loss   seg_loss   cls_loss   dfl_loss  Instances       Size

      Epoch    GPU_mem   box_loss   seg_loss   cls_loss   dfl_loss  Instances       Size

      Epoch    GPU_mem   box_loss   seg_loss   cls_loss   dfl_loss  Instances       Size

      Epoch    GPU_mem   box_loss   seg_loss   cls_loss   dfl_loss  Instances       Size

      Epoch    GPU_mem   box_loss   seg_loss   cls_loss   dfl_loss  Instances       Size

      Epoch    GPU_mem   box_loss   seg_loss   cls_loss   dfl_loss  Instances       Size

      Epoch    GPU_mem   box_loss   seg_loss   cls_loss   dfl_loss  Instances       Size

      Epoch    GPU_mem   box_loss   seg_loss   cls_loss   dfl_loss  Instances       Size

      Epoch    GPU_mem   box_loss   seg_loss   cls_loss   dfl_loss  Instances       Size

      Epoch    GPU_mem   box_loss   seg_loss   cls_loss   dfl_loss  Instances       Size

      Epoch    GPU_mem   box_loss   seg_loss   cls_loss   dfl_loss  Instances       Size

      Epoch    GPU_mem   box_loss   seg_loss   cls_loss   dfl_loss  Instances       Size

      Epoch    GPU_mem   box_loss   seg_loss   cls_loss   dfl_loss  Instances       Size

      Epoch    GPU_mem   box_loss   seg_loss   cls_loss   dfl_loss  Instances       Size

      Epoch    GPU_mem   box_loss   seg_loss   cls_loss   dfl_loss  Instances       Size

      Epoch    GPU_mem   box_loss   seg_loss   cls_loss   dfl_loss  Instances       Size

      Epoch    GPU_mem   box_loss   seg_loss   cls_loss   dfl_loss  Instances       Size

      Epoch    GPU_mem   box_loss   seg_loss   cls_loss   dfl_loss  Instances       Size

      Epoch    GPU_mem   box_loss   seg_loss   cls_loss   dfl_loss  Instances       Size

      Epoch    GPU_mem   box_loss   seg_loss   cls_loss   dfl_loss  Instances       Size

      Epoch    GPU_mem   box_loss   seg_loss   cls_loss   dfl_loss  Instances       Size

      Epoch    GPU_mem   box_loss   seg_loss   cls_loss   dfl_loss  Instances       Size

      Epoch    GPU_mem   box_loss   seg_loss   cls_loss   dfl_loss  Instances       Size

      Epoch    GPU_mem   box_loss   seg_loss   cls_loss   dfl_loss  Instances       Size

      Epoch    GPU_mem   box_loss   seg_loss   cls_loss   dfl_loss  Instances       Size

      Epoch    GPU_mem   box_loss   seg_loss   cls_loss   dfl_loss  Instances       Size

      Epoch    GPU_mem   box_loss   seg_loss   cls_loss   dfl_loss  Instances       Size

      Epoch    GPU_mem   box_loss   seg_loss   cls_loss   dfl_loss  Instances       Size

      Epoch    GPU_mem   box_loss   seg_loss   cls_loss   dfl_loss  Instances       Size

      Epoch    GPU_mem   box_loss   seg_loss   cls_loss   dfl_loss  Instances       Size

      Epoch    GPU_mem   box_loss   seg_loss   cls_loss   dfl_loss  Instances       Size

      Epoch    GPU_mem   box_loss   seg_loss   cls_loss   dfl_loss  Instances       Size

      Epoch    GPU_mem   box_loss   seg_loss   cls_loss   dfl_loss  Instances       Size

      Epoch    GPU_mem   box_loss   seg_loss   cls_loss   dfl_loss  Instances       Size

      Epoch    GPU_mem   box_loss   seg_loss   cls_loss   dfl_loss  Instances       Size

      Epoch    GPU_mem   box_loss   seg_loss   cls_loss   dfl_loss  Instances       Size

      Epoch    GPU_mem   box_loss   seg_loss   cls_loss   dfl_loss  Instances       Size

      Epoch    GPU_mem   box_loss   seg_loss   cls_loss   dfl_loss  Instances       Size

      Epoch    GPU_mem   box_loss   seg_loss   cls_loss   dfl_loss  Instances       Size

      Epoch    GPU_mem   box_loss   seg_loss   cls_loss   dfl_loss  Instances       Size

      Epoch    GPU_mem   box_loss   seg_loss   cls_loss   dfl_loss  Instances       Size

      Epoch    GPU_mem   box_loss   seg_loss   cls_loss   dfl_loss  Instances       Size

      Epoch    GPU_mem   box_loss   seg_loss   cls_loss   dfl_loss  Instances       Size

      Epoch    GPU_mem   box_loss   seg_loss   cls_loss   dfl_loss  Instances       Size

      Epoch    GPU_mem   box_loss   seg_loss   cls_loss   dfl_loss  Instances       Size

      Epoch    GPU_mem   box_loss   seg_loss   cls_loss   dfl_loss  Instances       Size

      Epoch    GPU_mem   box_loss   seg_loss   cls_loss   dfl_loss  Instances       Size

      Epoch    GPU_mem   box_loss   seg_loss   cls_loss   dfl_loss  Instances       Size

      Epoch    GPU_mem   box_loss   seg_loss   cls_loss   dfl_loss  Instances       Size

      Epoch    GPU_mem   box_loss   seg_loss   cls_loss   dfl_loss  Instances       Size

      Epoch    GPU_mem   box_loss   seg_loss   cls_loss   dfl_loss  Instances       Size

      Epoch    GPU_mem   box_loss   seg_loss   cls_loss   dfl_loss  Instances       Size

      Epoch    GPU_mem   box_loss   seg_loss   cls_loss   dfl_loss  Instances       Size

      Epoch    GPU_mem   box_loss   seg_loss   cls_loss   dfl_loss  Instances       Size

      Epoch    GPU_mem   box_loss   seg_loss   cls_loss   dfl_loss  Instances       Size

      Epoch    GPU_mem   box_loss   seg_loss   cls_loss   dfl_loss  Instances       Size

      Epoch    GPU_mem   box_loss   seg_loss   cls_loss   dfl_loss  Instances       Size

      Epoch    GPU_mem   box_loss   seg_loss   cls_loss   dfl_loss  Instances       Size

      Epoch    GPU_mem   box_loss   seg_loss   cls_loss   dfl_loss  Instances       Size

      Epoch    GPU_mem   box_loss   seg_loss   cls_loss   dfl_loss  Instances       Size

      Epoch    GPU_mem   box_loss   seg_loss   cls_loss   dfl_loss  Instances       Size

      Epoch    GPU_mem   box_loss   seg_loss   cls_loss   dfl_loss  Instances       Size

      Epoch    GPU_mem   box_loss   seg_loss   cls_loss   dfl_loss  Instances       Size

      Epoch    GPU_mem   box_loss   seg_loss   cls_loss   dfl_loss  Instances       Size

      Epoch    GPU_mem   box_loss   seg_loss   cls_loss   dfl_loss  Instances       Size

      Epoch    GPU_mem   box_loss   seg_loss   cls_loss   dfl_loss  Instances       Size

      Epoch    GPU_mem   box_loss   seg_loss   cls_loss   dfl_loss  Instances       Size

      Epoch    GPU_mem   box_loss   seg_loss   cls_loss   dfl_loss  Instances       Size

      Epoch    GPU_mem   box_loss   seg_loss   cls_loss   dfl_loss  Instances       Size

      Epoch    GPU_mem   box_loss   seg_loss   cls_loss   dfl_loss  Instances       Size

      Epoch    GPU_mem   box_loss   seg_loss   cls_loss   dfl_loss  Instances       Size

      Epoch    GPU_mem   box_loss   seg_loss   cls_loss   dfl_loss  Instances       Size

      Epoch    GPU_mem   box_loss   seg_loss   cls_loss   dfl_loss  Instances       Size

      Epoch    GPU_mem   box_loss   seg_loss   cls_loss   dfl_loss  Instances       Size

      Epoch    GPU_mem   box_loss   seg_loss   cls_loss   dfl_loss  Instances       Size

      Epoch    GPU_mem   box_loss   seg_loss   cls_loss   dfl_loss  Instances       Size

      Epoch    GPU_mem   box_loss   seg_loss   cls_loss   dfl_loss  Instances       Size

      Epoch    GPU_mem   box_loss   seg_loss   cls_loss   dfl_loss  Instances       Size

      Epoch    GPU_mem   box_loss   seg_loss   cls_loss   dfl_loss  Instances       Size

      Epoch    GPU_mem   box_loss   seg_loss   cls_loss   dfl_loss  Instances       Size

      Epoch    GPU_mem   box_loss   seg_loss   cls_loss   dfl_loss  Instances       Size

      Epoch    GPU_mem   box_loss   seg_loss   cls_loss   dfl_loss  Instances       Size

      Epoch    GPU_mem   box_loss   seg_loss   cls_loss   dfl_loss  Instances       Size

      Epoch    GPU_mem   box_loss   seg_loss   cls_loss   dfl_loss  Instances       Size

      Epoch    GPU_mem   box_loss   seg_loss   cls_loss   dfl_loss  Instances       Size

      Epoch    GPU_mem   box_loss   seg_loss   cls_loss   dfl_loss  Instances       Size

      Epoch    GPU_mem   box_loss   seg_loss   cls_loss   dfl_loss  Instances       Size

      Epoch    GPU_mem   box_loss   seg_loss   cls_loss   dfl_loss  Instances       Size

      Epoch    GPU_mem   box_loss   seg_loss   cls_loss   dfl_loss  Instances       Size

      Epoch    GPU_mem   box_loss   seg_loss   cls_loss   dfl_loss  Instances       Size

      Epoch    GPU_mem   box_loss   seg_loss   cls_loss   dfl_loss  Instances       Size

      Epoch    GPU_mem   box_loss   seg_loss   cls_loss   dfl_loss  Instances       Size

      Epoch    GPU_mem   box_loss   seg_loss   cls_loss   dfl_loss  Instances       Size

      Epoch    GPU_mem   box_loss   seg_loss   cls_loss   dfl_loss  Instances       Size

      Epoch    GPU_mem   box_loss   seg_loss   cls_loss   dfl_loss  Instances       Size

      Epoch    GPU_mem   box_loss   seg_loss   cls_loss   dfl_loss  Instances       Size

      Epoch    GPU_mem   box_loss   seg_loss   cls_loss   dfl_loss  Instances       Size

      Epoch    GPU_mem   box_loss   seg_loss   cls_loss   dfl_loss  Instances       Size

      Epoch    GPU_mem   box_loss   seg_loss   cls_loss   dfl_loss  Instances       Size

      Epoch    GPU_mem   box_loss   seg_loss   cls_loss   dfl_loss  Instances       Size

      Epoch    GPU_mem   box_loss   seg_loss   cls_loss   dfl_loss  Instances       Size

      Epoch    GPU_mem   box_loss   seg_loss   cls_loss   dfl_loss  Instances       Size

      Epoch    GPU_mem   box_loss   seg_loss   cls_loss   dfl_loss  Instances       Size

      Epoch    GPU_mem   box_loss   seg_loss   cls_loss   dfl_loss  Instances       Size

      Epoch    GPU_mem   box_loss   seg_loss   cls_loss   dfl_loss  Instances       Size

      Epoch    GPU_mem   box_loss   seg_loss   cls_loss   dfl_loss  Instances       Size

      Epoch    GPU_mem   box_loss   seg_loss   cls_loss   dfl_loss  Instances       Size

      Epoch    GPU_mem   box_loss   seg_loss   cls_loss   dfl_loss  Instances       Size

      Epoch    GPU_mem   box_loss   seg_loss   cls_loss   dfl_loss  Instances       Size

      Epoch    GPU_mem   box_loss   seg_loss   cls_loss   dfl_loss  Instances       Size

      Epoch    GPU_mem   box_loss   seg_loss   cls_loss   dfl_loss  Instances       Size

      Epoch    GPU_mem   box_loss   seg_loss   cls_loss   dfl_loss  Instances       Size

      Epoch    GPU_mem   box_loss   seg_loss   cls_loss   dfl_loss  Instances       Size

      Epoch    GPU_mem   box_loss   seg_loss   cls_loss   dfl_loss  Instances       Size

      Epoch    GPU_mem   box_loss   seg_loss   cls_loss   dfl_loss  Instances       Size

      Epoch    GPU_mem   box_loss   seg_loss   cls_loss   dfl_loss  Instances       Size

      Epoch    GPU_mem   box_loss   seg_loss   cls_loss   dfl_loss  Instances       Size

      Epoch    GPU_mem   box_loss   seg_loss   cls_loss   dfl_loss  Instances       Size

      Epoch    GPU_mem   box_loss   seg_loss   cls_loss   dfl_loss  Instances       Size

      Epoch    GPU_mem   box_loss   seg_loss   cls_loss   dfl_loss  Instances       Size

      Epoch    GPU_mem   box_loss   seg_loss   cls_loss   dfl_loss  Instances       Size

      Epoch    GPU_mem   box_loss   seg_loss   cls_loss   dfl_loss  Instances       Size

      Epoch    GPU_mem   box_loss   seg_loss   cls_loss   dfl_loss  Instances       Size

      Epoch    GPU_mem   box_loss   seg_loss   cls_loss   dfl_loss  Instances       Size

      Epoch    GPU_mem   box_loss   seg_loss   cls_loss   dfl_loss  Instances       Size

      Epoch    GPU_mem   box_loss   seg_loss   cls_loss   dfl_loss  Instances       Size

      Epoch    GPU_mem   box_loss   seg_loss   cls_loss   dfl_loss  Instances       Size

      Epoch    GPU_mem   box_loss   seg_loss   cls_loss   dfl_loss  Instances       Size

      Epoch    GPU_mem   box_loss   seg_loss   cls_loss   dfl_loss  Instances       Size

      Epoch    GPU_mem   box_loss   seg_loss   cls_loss   dfl_loss  Instances       Size

      Epoch    GPU_mem   box_loss   seg_loss   cls_loss   dfl_loss  Instances       Size

      Epoch    GPU_mem   box_loss   seg_loss   cls_loss   dfl_loss  Instances       Size

      Epoch    GPU_mem   box_loss   seg_loss   cls_loss   dfl_loss  Instances       Size

      Epoch    GPU_mem   box_loss   seg_loss   cls_loss   dfl_loss  Instances       Size

      Epoch    GPU_mem   box_loss   seg_loss   cls_loss   dfl_loss  Instances       Size

      Epoch    GPU_mem   box_loss   seg_loss   cls_loss   dfl_loss  Instances       Size

      Epoch    GPU_mem   box_loss   seg_loss   cls_loss   dfl_loss  Instances       Size

      Epoch    GPU_mem   box_loss   seg_loss   cls_loss   dfl_loss  Instances       Size

      Epoch    GPU_mem   box_loss   seg_loss   cls_loss   dfl_loss  Instances       Size

      Epoch    GPU_mem   box_loss   seg_loss   cls_loss   dfl_loss  Instances       Size

      Epoch    GPU_mem   box_loss   seg_loss   cls_loss   dfl_loss  Instances       Size

      Epoch    GPU_mem   box_loss   seg_loss   cls_loss   dfl_loss  Instances       Size

      Epoch    GPU_mem   box_loss   seg_loss   cls_loss   dfl_loss  Instances       Size

      Epoch    GPU_mem   box_loss   seg_loss   cls_loss   dfl_loss  Instances       Size

      Epoch    GPU_mem   box_loss   seg_loss   cls_loss   dfl_loss  Instances       Size

      Epoch    GPU_mem   box_loss   seg_loss   cls_loss   dfl_loss  Instances       Size

      Epoch    GPU_mem   box_loss   seg_loss   cls_loss   dfl_loss  Instances       Size

      Epoch    GPU_mem   box_loss   seg_loss   cls_loss   dfl_loss  Instances       Size

      Epoch    GPU_mem   box_loss   seg_loss   cls_loss   dfl_loss  Instances       Size

      Epoch    GPU_mem   box_loss   seg_loss   cls_loss   dfl_loss  Instances       Size

      Epoch    GPU_mem   box_loss   seg_loss   cls_loss   dfl_loss  Instances       Size

      Epoch    GPU_mem   box_loss   seg_loss   cls_loss   dfl_loss  Instances       Size

      Epoch    GPU_mem   box_loss   seg_loss   cls_loss   dfl_loss  Instances       Size

      Epoch    GPU_mem   box_loss   seg_loss   cls_loss   dfl_loss  Instances       Size

      Epoch    GPU_mem   box_loss   seg_loss   cls_loss   dfl_loss  Instances       Size

      Epoch    GPU_mem   box_loss   seg_loss   cls_loss   dfl_loss  Instances       Size

      Epoch    GPU_mem   box_loss   seg_loss   cls_loss   dfl_loss  Instances       Size

      Epoch    GPU_mem   box_loss   seg_loss   cls_loss   dfl_loss  Instances       Size

      Epoch    GPU_mem   box_loss   seg_loss   cls_loss   dfl_loss  Instances       Size

      Epoch    GPU_mem   box_loss   seg_loss   cls_loss   dfl_loss  Instances       Size

      Epoch    GPU_mem   box_loss   seg_loss   cls_loss   dfl_loss  Instances       Size

      Epoch    GPU_mem   box_loss   seg_loss   cls_loss   dfl_loss  Instances       Size

      Epoch    GPU_mem   box_loss   seg_loss   cls_loss   dfl_loss  Instances       Size

      Epoch    GPU_mem   box_loss   seg_loss   cls_loss   dfl_loss  Instances       Size

      Epoch    GPU_mem   box_loss   seg_loss   cls_loss   dfl_loss  Instances       Size

      Epoch    GPU_mem   box_loss   seg_loss   cls_loss   dfl_loss  Instances       Size

      Epoch    GPU_mem   box_loss   seg_loss   cls_loss   dfl_loss  Instances       Size

      Epoch    GPU_mem   box_loss   seg_loss   cls_loss   dfl_loss  Instances       Size

      Epoch    GPU_mem   box_loss   seg_loss   cls_loss   dfl_loss  Instances       Size

      Epoch    GPU_mem   box_loss   seg_loss   cls_loss   dfl_loss  Instances       Size

      Epoch    GPU_mem   box_loss   seg_loss   cls_loss   dfl_loss  Instances       Size

      Epoch    GPU_mem   box_loss   seg_loss   cls_loss   dfl_loss  Instances       Size

      Epoch    GPU_mem   box_loss   seg_loss   cls_loss   dfl_loss  Instances       Size

      Epoch    GPU_mem   box_loss   seg_loss   cls_loss   dfl_loss  Instances       Size

      Epoch    GPU_mem   box_loss   seg_loss   cls_loss   dfl_loss  Instances       Size

      Epoch    GPU_mem   box_loss   seg_loss   cls_loss   dfl_loss  Instances       Size

      Epoch    GPU_mem   box_loss   seg_loss   cls_loss   dfl_loss  Instances       Size

      Epoch    GPU_mem   box_loss   seg_loss   cls_loss   dfl_loss  Instances       Size

      Epoch    GPU_mem   box_loss   seg_loss   cls_loss   dfl_loss  Instances       Size

      Epoch    GPU_mem   box_loss   seg_loss   cls_loss   dfl_loss  Instances       Size

      Epoch    GPU_mem   box_loss   seg_loss   cls_loss   dfl_loss  Instances       Size

      Epoch    GPU_mem   box_loss   seg_loss   cls_loss   dfl_loss  Instances       Size

      Epoch    GPU_mem   box_loss   seg_loss   cls_loss   dfl_loss  Instances       Size

      Epoch    GPU_mem   box_loss   seg_loss   cls_loss   dfl_loss  Instances       Size

      Epoch    GPU_mem   box_loss   seg_loss   cls_loss   dfl_loss  Instances       Size

      Epoch    GPU_mem   box_loss   seg_loss   cls_loss   dfl_loss  Instances       Size

      Epoch    GPU_mem   box_loss   seg_loss   cls_loss   dfl_loss  Instances       Size

      Epoch    GPU_mem   box_loss   seg_loss   cls_loss   dfl_loss  Instances       Size

      Epoch    GPU_mem   box_loss   seg_loss   cls_loss   dfl_loss  Instances       Size

      Epoch    GPU_mem   box_loss   seg_loss   cls_loss   dfl_loss  Instances       Size

      Epoch    GPU_mem   box_loss   seg_loss   cls_loss   dfl_loss  Instances       Size

      Epoch    GPU_mem   box_loss   seg_loss   cls_loss   dfl_loss  Instances       Size

      Epoch    GPU_mem   box_loss   seg_loss   cls_loss   dfl_loss  Instances       Size

      Epoch    GPU_mem   box_loss   seg_loss   cls_loss   dfl_loss  Instances       Size

      Epoch    GPU_mem   box_loss   seg_loss   cls_loss   dfl_loss  Instances       Size

      Epoch    GPU_mem   box_loss   seg_loss   cls_loss   dfl_loss  Instances       Size

      Epoch    GPU_mem   box_loss   seg_loss   cls_loss   dfl_loss  Instances       Size

      Epoch    GPU_mem   box_loss   seg_loss   cls_loss   dfl_loss  Instances       Size

      Epoch    GPU_mem   box_loss   seg_loss   cls_loss   dfl_loss  Instances       Size

      Epoch    GPU_mem   box_loss   seg_loss   cls_loss   dfl_loss  Instances       Size

      Epoch    GPU_mem   box_loss   seg_loss   cls_loss   dfl_loss  Instances       Size

      Epoch    GPU_mem   box_loss   seg_loss   cls_loss   dfl_loss  Instances       Size

      Epoch    GPU_mem   box_loss   seg_loss   cls_loss   dfl_loss  Instances       Size

      Epoch    GPU_mem   box_loss   seg_loss   cls_loss   dfl_loss  Instances       Size

      Epoch    GPU_mem   box_loss   seg_loss   cls_loss   dfl_loss  Instances       Size

      Epoch    GPU_mem   box_loss   seg_loss   cls_loss   dfl_loss  Instances       Size

      Epoch    GPU_mem   box_loss   seg_loss   cls_loss   dfl_loss  Instances       Size

      Epoch    GPU_mem   box_loss   seg_loss   cls_loss   dfl_loss  Instances       Size

      Epoch    GPU_mem   box_loss   seg_loss   cls_loss   dfl_loss  Instances       Size

      Epoch    GPU_mem   box_loss   seg_loss   cls_loss   dfl_loss  Instances       Size

      Epoch    GPU_mem   box_loss   seg_loss   cls_loss   dfl_loss  Instances       Size

      Epoch    GPU_mem   box_loss   seg_loss   cls_loss   dfl_loss  Instances       Size

      Epoch    GPU_mem   box_loss   seg_loss   cls_loss   dfl_loss  Instances       Size

      Epoch    GPU_mem   box_loss   seg_loss   cls_loss   dfl_loss  Instances       Size

      Epoch    GPU_mem   box_loss   seg_loss   cls_loss   dfl_loss  Instances       Size

      Epoch    GPU_mem   box_loss   seg_loss   cls_loss   dfl_loss  Instances       Size

      Epoch    GPU_mem   box_loss   seg_loss   cls_loss   dfl_loss  Instances       Size

      Epoch    GPU_mem   box_loss   seg_loss   cls_loss   dfl_loss  Instances       Size

      Epoch    GPU_mem   box_loss   seg_loss   cls_loss   dfl_loss  Instances       Size

      Epoch    GPU_mem   box_loss   seg_loss   cls_loss   dfl_loss  Instances       Size

      Epoch    GPU_mem   box_loss   seg_loss   cls_loss   dfl_loss  Instances       Size

      Epoch    GPU_mem   box_loss   seg_loss   cls_loss   dfl_loss  Instances       Size

      Epoch    GPU_mem   box_loss   seg_loss   cls_loss   dfl_loss  Instances       Size

      Epoch    GPU_mem   box_loss   seg_loss   cls_loss   dfl_loss  Instances       Size

      Epoch    GPU_mem   box_loss   seg_loss   cls_loss   dfl_loss  Instances       Size

      Epoch    GPU_mem   box_loss   seg_loss   cls_loss   dfl_loss  Instances       Size

      Epoch    GPU_mem   box_loss   seg_loss   cls_loss   dfl_loss  Instances       Size

      Epoch    GPU_mem   box_loss   seg_loss   cls_loss   dfl_loss  Instances       Size

      Epoch    GPU_mem   box_loss   seg_loss   cls_loss   dfl_loss  Instances       Size

      Epoch    GPU_mem   box_loss   seg_loss   cls_loss   dfl_loss  Instances       Size

      Epoch    GPU_mem   box_loss   seg_loss   cls_loss   dfl_loss  Instances       Size

      Epoch    GPU_mem   box_loss   seg_loss   cls_loss   dfl_loss  Instances       Size

      Epoch    GPU_mem   box_loss   seg_loss   cls_loss   dfl_loss  Instances       Size

      Epoch    GPU_mem   box_loss   seg_loss   cls_loss   dfl_loss  Instances       Size

      Epoch    GPU_mem   box_loss   seg_loss   cls_loss   dfl_loss  Instances       Size

      Epoch    GPU_mem   box_loss   seg_loss   cls_loss   dfl_loss  Instances       Size

      Epoch    GPU_mem   box_loss   seg_loss   cls_loss   dfl_loss  Instances       Size

      Epoch    GPU_mem   box_loss   seg_loss   cls_loss   dfl_loss  Instances       Size

      Epoch    GPU_mem   box_loss   seg_loss   cls_loss   dfl_loss  Instances       Size

      Epoch    GPU_mem   box_loss   seg_loss   cls_loss   dfl_loss  Instances       Size

      Epoch    GPU_mem   box_loss   seg_loss   cls_loss   dfl_loss  Instances       Size

      Epoch    GPU_mem   box_loss   seg_loss   cls_loss   dfl_loss  Instances       Size

      Epoch    GPU_mem   box_loss   seg_loss   cls_loss   dfl_loss  Instances       Size

      Epoch    GPU_mem   box_loss   seg_loss   cls_loss   dfl_loss  Instances       Size

      Epoch    GPU_mem   box_loss   seg_loss   cls_loss   dfl_loss  Instances       Size

      Epoch    GPU_mem   box_loss   seg_loss   cls_loss   dfl_loss  Instances       Size

      Epoch    GPU_mem   box_loss   seg_loss   cls_loss   dfl_loss  Instances       Size

      Epoch    GPU_mem   box_loss   seg_loss   cls_loss   dfl_loss  Instances       Size

      Epoch    GPU_mem   box_loss   seg_loss   cls_loss   dfl_loss  Instances       Size

      Epoch    GPU_mem   box_loss   seg_loss   cls_loss   dfl_loss  Instances       Size

      Epoch    GPU_mem   box_loss   seg_loss   cls_loss   dfl_loss  Instances       Size

      Epoch    GPU_mem   box_loss   seg_loss   cls_loss   dfl_loss  Instances       Size

      Epoch    GPU_mem   box_loss   seg_loss   cls_loss   dfl_loss  Instances       Size

      Epoch    GPU_mem   box_loss   seg_loss   cls_loss   dfl_loss  Instances       Size

      Epoch    GPU_mem   box_loss   seg_loss   cls_loss   dfl_loss  Instances       Size

      Epoch    GPU_mem   box_loss   seg_loss   cls_loss   dfl_loss  Instances       Size

      Epoch    GPU_mem   box_loss   seg_loss   cls_loss   dfl_loss  Instances       Size

      Epoch    GPU_mem   box_loss   seg_loss   cls_loss   dfl_loss  Instances       Size

      Epoch    GPU_mem   box_loss   seg_loss   cls_loss   dfl_loss  Instances       Size

      Epoch    GPU_mem   box_loss   seg_loss   cls_loss   dfl_loss  Instances       Size

      Epoch    GPU_mem   box_loss   seg_loss   cls_loss   dfl_loss  Instances       Size

      Epoch    GPU_mem   box_loss   seg_loss   cls_loss   dfl_loss  Instances       Size

      Epoch    GPU_mem   box_loss   seg_loss   cls_loss   dfl_loss  Instances       Size

      Epoch    GPU_mem   box_loss   seg_loss   cls_loss   dfl_loss  Instances       Size

      Epoch    GPU_mem   box_loss   seg_loss   cls_loss   dfl_loss  Instances       Size

      Epoch    GPU_mem   box_loss   seg_loss   cls_loss   dfl_loss  Instances       Size

      Epoch    GPU_mem   box_loss   seg_loss   cls_loss   dfl_loss  Instances       Size

      Epoch    GPU_mem   box_loss   seg_loss   cls_loss   dfl_loss  Instances       Size

      Epoch    GPU_mem   box_loss   seg_loss   cls_loss   dfl_loss  Instances       Size

      Epoch    GPU_mem   box_loss   seg_loss   cls_loss   dfl_loss  Instances       Size

      Epoch    GPU_mem   box_loss   seg_loss   cls_loss   dfl_loss  Instances       Size

      Epoch    GPU_mem   box_loss   seg_loss   cls_loss   dfl_loss  Instances       Size

      Epoch    GPU_mem   box_loss   seg_loss   cls_loss   dfl_loss  Instances       Size

      Epoch    GPU_mem   box_loss   seg_loss   cls_loss   dfl_loss  Instances       Size

      Epoch    GPU_mem   box_loss   seg_loss   cls_loss   dfl_loss  Instances       Size

      Epoch    GPU_mem   box_loss   seg_loss   cls_loss   dfl_loss  Instances       Size

      Epoch    GPU_mem   box_loss   seg_loss   cls_loss   dfl_loss  Instances       Size

      Epoch    GPU_mem   box_loss   seg_loss   cls_loss   dfl_loss  Instances       Size

      Epoch    GPU_mem   box_loss   seg_loss   cls_loss   dfl_loss  Instances       Size

      Epoch    GPU_mem   box_loss   seg_loss   cls_loss   dfl_loss  Instances       Size

      Epoch    GPU_mem   box_loss   seg_loss   cls_loss   dfl_loss  Instances       Size

      Epoch    GPU_mem   box_loss   seg_loss   cls_loss   dfl_loss  Instances       Size

      Epoch    GPU_mem   box_loss   seg_loss   cls_loss   dfl_loss  Instances       Size

      Epoch    GPU_mem   box_loss   seg_loss   cls_loss   dfl_loss  Instances       Size

      Epoch    GPU_mem   box_loss   seg_loss   cls_loss   dfl_loss  Instances       Size

      Epoch    GPU_mem   box_loss   seg_loss   cls_loss   dfl_loss  Instances       Size

      Epoch    GPU_mem   box_loss   seg_loss   cls_loss   dfl_loss  Instances       Size

      Epoch    GPU_mem   box_loss   seg_loss   cls_loss   dfl_loss  Instances       Size

      Epoch    GPU_mem   box_loss   seg_loss   cls_loss   dfl_loss  Instances       Size

      Epoch    GPU_mem   box_loss   seg_loss   cls_loss   dfl_loss  Instances       Size

      Epoch    GPU_mem   box_loss   seg_loss   cls_loss   dfl_loss  Instances       Size

      Epoch    GPU_mem   box_loss   seg_loss   cls_loss   dfl_loss  Instances       Size

      Epoch    GPU_mem   box_loss   seg_loss   cls_loss   dfl_loss  Instances       Size

      Epoch    GPU_mem   box_loss   seg_loss   cls_loss   dfl_loss  Instances       Size

      Epoch    GPU_mem   box_loss   seg_loss   cls_loss   dfl_loss  Instances       Size

      Epoch    GPU_mem   box_loss   seg_loss   cls_loss   dfl_loss  Instances       Size

      Epoch    GPU_mem   box_loss   seg_loss   cls_loss   dfl_loss  Instances       Size

      Epoch    GPU_mem   box_loss   seg_loss   cls_loss   dfl_loss  Instances       Size

      Epoch    GPU_mem   box_loss   seg_loss   cls_loss   dfl_loss  Instances       Size

      Epoch    GPU_mem   box_loss   seg_loss   cls_loss   dfl_loss  Instances       Size

      Epoch    GPU_mem   box_loss   seg_loss   cls_loss   dfl_loss  Instances       Size

      Epoch    GPU_mem   box_loss   seg_loss   cls_loss   dfl_loss  Instances       Size

      Epoch    GPU_mem   box_loss   seg_loss   cls_loss   dfl_loss  Instances       Size

      Epoch    GPU_mem   box_loss   seg_loss   cls_loss   dfl_loss  Instances       Size

      Epoch    GPU_mem   box_loss   seg_loss   cls_loss   dfl_loss  Instances       Size

      Epoch    GPU_mem   box_loss   seg_loss   cls_loss   dfl_loss  Instances       Size

      Epoch    GPU_mem   box_loss   seg_loss   cls_loss   dfl_loss  Instances       Size

      Epoch    GPU_mem   box_loss   seg_loss   cls_loss   dfl_loss  Instances       Size

      Epoch    GPU_mem   box_loss   seg_loss   cls_loss   dfl_loss  Instances       Size

      Epoch    GPU_mem   box_loss   seg_loss   cls_loss   dfl_loss  Instances       Size

      Epoch    GPU_mem   box_loss   seg_loss   cls_loss   dfl_loss  Instances       Size

      Epoch    GPU_mem   box_loss   seg_loss   cls_loss   dfl_loss  Instances       Size

      Epoch    GPU_mem   box_loss   seg_loss   cls_loss   dfl_loss  Instances       Size

      Epoch    GPU_mem   box_loss   seg_loss   cls_loss   dfl_loss  Instances       Size

      Epoch    GPU_mem   box_loss   seg_loss   cls_loss   dfl_loss  Instances       Size

      Epoch    GPU_mem   box_loss   seg_loss   cls_loss   dfl_loss  Instances       Size

      Epoch    GPU_mem   box_loss   seg_loss   cls_loss   dfl_loss  Instances       Size

      Epoch    GPU_mem   box_loss   seg_loss   cls_loss   dfl_loss  Instances       Size

      Epoch    GPU_mem   box_loss   seg_loss   cls_loss   dfl_loss  Instances       Size

      Epoch    GPU_mem   box_loss   seg_loss   cls_loss   dfl_loss  Instances       Size

      Epoch    GPU_mem   box_loss   seg_loss   cls_loss   dfl_loss  Instances       Size

      Epoch    GPU_mem   box_loss   seg_loss   cls_loss   dfl_loss  Instances       Size

      Epoch    GPU_mem   box_loss   seg_loss   cls_loss   dfl_loss  Instances       Size

      Epoch    GPU_mem   box_loss   seg_loss   cls_loss   dfl_loss  Instances       Size

      Epoch    GPU_mem   box_loss   seg_loss   cls_loss   dfl_loss  Instances       Size

      Epoch    GPU_mem   box_loss   seg_loss   cls_loss   dfl_loss  Instances       Size

      Epoch    GPU_mem   box_loss   seg_loss   cls_loss   dfl_loss  Instances       Size

      Epoch    GPU_mem   box_loss   seg_loss   cls_loss   dfl_loss  Instances       Size

      Epoch    GPU_mem   box_loss   seg_loss   cls_loss   dfl_loss  Instances       Size

      Epoch    GPU_mem   box_loss   seg_loss   cls_loss   dfl_loss  Instances       Size

      Epoch    GPU_mem   box_loss   seg_loss   cls_loss   dfl_loss  Instances       Size

      Epoch    GPU_mem   box_loss   seg_loss   cls_loss   dfl_loss  Instances       Size

      Epoch    GPU_mem   box_loss   seg_loss   cls_loss   dfl_loss  Instances       Size

      Epoch    GPU_mem   box_loss   seg_loss   cls_loss   dfl_loss  Instances       Size

      Epoch    GPU_mem   box_loss   seg_loss   cls_loss   dfl_loss  Instances       Size

      Epoch    GPU_mem   box_loss   seg_loss   cls_loss   dfl_loss  Instances       Size

      Epoch    GPU_mem   box_loss   seg_loss   cls_loss   dfl_loss  Instances       Size

      Epoch    GPU_mem   box_loss   seg_loss   cls_loss   dfl_loss  Instances       Size

      Epoch    GPU_mem   box_loss   seg_loss   cls_loss   dfl_loss  Instances       Size

      Epoch    GPU_mem   box_loss   seg_loss   cls_loss   dfl_loss  Instances       Size

      Epoch    GPU_mem   box_loss   seg_loss   cls_loss   dfl_loss  Instances       Size

      Epoch    GPU_mem   box_loss   seg_loss   cls_loss   dfl_loss  Instances       Size

      Epoch    GPU_mem   box_loss   seg_loss   cls_loss   dfl_loss  Instances       Size

      Epoch    GPU_mem   box_loss   seg_loss   cls_loss   dfl_loss  Instances       Size

      Epoch    GPU_mem   box_loss   seg_loss   cls_loss   dfl_loss  Instances       Size

      Epoch    GPU_mem   box_loss   seg_loss   cls_loss   dfl_loss  Instances       Size

      Epoch    GPU_mem   box_loss   seg_loss   cls_loss   dfl_loss  Instances       Size

      Epoch    GPU_mem   box_loss   seg_loss   cls_loss   dfl_loss  Instances       Size

      Epoch    GPU_mem   box_loss   seg_loss   cls_loss   dfl_loss  Instances       Size

      Epoch    GPU_mem   box_loss   seg_loss   cls_loss   dfl_loss  Instances       Size

      Epoch    GPU_mem   box_loss   seg_loss   cls_loss   dfl_loss  Instances       Size

      Epoch    GPU_mem   box_loss   seg_loss   cls_loss   dfl_loss  Instances       Size

      Epoch    GPU_mem   box_loss   seg_loss   cls_loss   dfl_loss  Instances       Size

      Epoch    GPU_mem   box_loss   seg_loss   cls_loss   dfl_loss  Instances       Size

      Epoch    GPU_mem   box_loss   seg_loss   cls_loss   dfl_loss  Instances       Size

      Epoch    GPU_mem   box_loss   seg_loss   cls_loss   dfl_loss  Instances       Size

      Epoch    GPU_mem   box_loss   seg_loss   cls_loss   dfl_loss  Instances       Size

      Epoch    GPU_mem   box_loss   seg_loss   cls_loss   dfl_loss  Instances       Size

      Epoch    GPU_mem   box_loss   seg_loss   cls_loss   dfl_loss  Instances       Size

      Epoch    GPU_mem   box_loss   seg_loss   cls_loss   dfl_loss  Instances       Size

      Epoch    GPU_mem   box_loss   seg_loss   cls_loss   dfl_loss  Instances       Size

      Epoch    GPU_mem   box_loss   seg_loss   cls_loss   dfl_loss  Instances       Size

      Epoch    GPU_mem   box_loss   seg_loss   cls_loss   dfl_loss  Instances       Size

      Epoch    GPU_mem   box_loss   seg_loss   cls_loss   dfl_loss  Instances       Size

      Epoch    GPU_mem   box_loss   seg_loss   cls_loss   dfl_loss  Instances       Size

      Epoch    GPU_mem   box_loss   seg_loss   cls_loss   dfl_loss  Instances       Size

      Epoch    GPU_mem   box_loss   seg_loss   cls_loss   dfl_loss  Instances       Size

      Epoch    GPU_mem   box_loss   seg_loss   cls_loss   dfl_loss  Instances       Size

      Epoch    GPU_mem   box_loss   seg_loss   cls_loss   dfl_loss  Instances       Size

      Epoch    GPU_mem   box_loss   seg_loss   cls_loss   dfl_loss  Instances       Size

      Epoch    GPU_mem   box_loss   seg_loss   cls_loss   dfl_loss  Instances       Size

      Epoch    GPU_mem   box_loss   seg_loss   cls_loss   dfl_loss  Instances       Size

      Epoch    GPU_mem   box_loss   seg_loss   cls_loss   dfl_loss  Instances       Size

      Epoch    GPU_mem   box_loss   seg_loss   cls_loss   dfl_loss  Instances       Size

      Epoch    GPU_mem   box_loss   seg_loss   cls_loss   dfl_loss  Instances       Size

      Epoch    GPU_mem   box_loss   seg_loss   cls_loss   dfl_loss  Instances       Size

      Epoch    GPU_mem   box_loss   seg_loss   cls_loss   dfl_loss  Instances       Size

      Epoch    GPU_mem   box_loss   seg_loss   cls_loss   dfl_loss  Instances       Size

      Epoch    GPU_mem   box_loss   seg_loss   cls_loss   dfl_loss  Instances       Size

      Epoch    GPU_mem   box_loss   seg_loss   cls_loss   dfl_loss  Instances       Size

      Epoch    GPU_mem   box_loss   seg_loss   cls_loss   dfl_loss  Instances       Size

      Epoch    GPU_mem   box_loss   seg_loss   cls_loss   dfl_loss  Instances       Size

      Epoch    GPU_mem   box_loss   seg_loss   cls_loss   dfl_loss  Instances       Size

      Epoch    GPU_mem   box_loss   seg_loss   cls_loss   dfl_loss  Instances       Size

      Epoch    GPU_mem   box_loss   seg_loss   cls_loss   dfl_loss  Instances       Size

      Epoch    GPU_mem   box_loss   seg_loss   cls_loss   dfl_loss  Instances       Size

      Epoch    GPU_mem   box_loss   seg_loss   cls_loss   dfl_loss  Instances       Size

      Epoch    GPU_mem   box_loss   seg_loss   cls_loss   dfl_loss  Instances       Size

      Epoch    GPU_mem   box_loss   seg_loss   cls_loss   dfl_loss  Instances       Size

      Epoch    GPU_mem   box_loss   seg_loss   cls_loss   dfl_loss  Instances       Size

      Epoch    GPU_mem   box_loss   seg_loss   cls_loss   dfl_loss  Instances       Size

      Epoch    GPU_mem   box_loss   seg_loss   cls_loss   dfl_loss  Instances       Size

      Epoch    GPU_mem   box_loss   seg_loss   cls_loss   dfl_loss  Instances       Size

      Epoch    GPU_mem   box_loss   seg_loss   cls_loss   dfl_loss  Instances       Size

      Epoch    GPU_mem   box_loss   seg_loss   cls_loss   dfl_loss  Instances       Size

      Epoch    GPU_mem   box_loss   seg_loss   cls_loss   dfl_loss  Instances       Size

      Epoch    GPU_mem   box_loss   seg_loss   cls_loss   dfl_loss  Instances       Size

      Epoch    GPU_mem   box_loss   seg_loss   cls_loss   dfl_loss  Instances       Size

      Epoch    GPU_mem   box_loss   seg_loss   cls_loss   dfl_loss  Instances       Size

      Epoch    GPU_mem   box_loss   seg_loss   cls_loss   dfl_loss  Instances       Size

      Epoch    GPU_mem   box_loss   seg_loss   cls_loss   dfl_loss  Instances       Size

      Epoch    GPU_mem   box_loss   seg_loss   cls_loss   dfl_loss  Instances       Size

      Epoch    GPU_mem   box_loss   seg_loss   cls_loss   dfl_loss  Instances       Size

      Epoch    GPU_mem   box_loss   seg_loss   cls_loss   dfl_loss  Instances       Size

      Epoch    GPU_mem   box_loss   seg_loss   cls_loss   dfl_loss  Instances       Size

      Epoch    GPU_mem   box_loss   seg_loss   cls_loss   dfl_loss  Instances       Size

      Epoch    GPU_mem   box_loss   seg_loss   cls_loss   dfl_loss  Instances       Size

      Epoch    GPU_mem   box_loss   seg_loss   cls_loss   dfl_loss  Instances       Size

      Epoch    GPU_mem   box_loss   seg_loss   cls_loss   dfl_loss  Instances       Size

      Epoch    GPU_mem   box_loss   seg_loss   cls_loss   dfl_loss  Instances       Size

      Epoch    GPU_mem   box_loss   seg_loss   cls_loss   dfl_loss  Instances       Size

      Epoch    GPU_mem   box_loss   seg_loss   cls_loss   dfl_loss  Instances       Size

      Epoch    GPU_mem   box_loss   seg_loss   cls_loss   dfl_loss  Instances       Size

      Epoch    GPU_mem   box_loss   seg_loss   cls_loss   dfl_loss  Instances       Size

      Epoch    GPU_mem   box_loss   seg_loss   cls_loss   dfl_loss  Instances       Size

      Epoch    GPU_mem   box_loss   seg_loss   cls_loss   dfl_loss  Instances       Size

      Epoch    GPU_mem   box_loss   seg_loss   cls_loss   dfl_loss  Instances       Size

      Epoch    GPU_mem   box_loss   seg_loss   cls_loss   dfl_loss  Instances       Size

      Epoch    GPU_mem   box_loss   seg_loss   cls_loss   dfl_loss  Instances       Size

      Epoch    GPU_mem   box_loss   seg_loss   cls_loss   dfl_loss  Instances       Size

      Epoch    GPU_mem   box_loss   seg_loss   cls_loss   dfl_loss  Instances       Size

      Epoch    GPU_mem   box_loss   seg_loss   cls_loss   dfl_loss  Instances       Size

      Epoch    GPU_mem   box_loss   seg_loss   cls_loss   dfl_loss  Instances       Size

      Epoch    GPU_mem   box_loss   seg_loss   cls_loss   dfl_loss  Instances       Size

      Epoch    GPU_mem   box_loss   seg_loss   cls_loss   dfl_loss  Instances       Size

      Epoch    GPU_mem   box_loss   seg_loss   cls_loss   dfl_loss  Instances       Size

      Epoch    GPU_mem   box_loss   seg_loss   cls_loss   dfl_loss  Instances       Size

      Epoch    GPU_mem   box_loss   seg_loss   cls_loss   dfl_loss  Instances       Size

      Epoch    GPU_mem   box_loss   seg_loss   cls_loss   dfl_loss  Instances       Size

      Epoch    GPU_mem   box_loss   seg_loss   cls_loss   dfl_loss  Instances       Size

      Epoch    GPU_mem   box_loss   seg_loss   cls_loss   dfl_loss  Instances       Size

      Epoch    GPU_mem   box_loss   seg_loss   cls_loss   dfl_loss  Instances       Size

      Epoch    GPU_mem   box_loss   seg_loss   cls_loss   dfl_loss  Instances       Size

      Epoch    GPU_mem   box_loss   seg_loss   cls_loss   dfl_loss  Instances       Size

      Epoch    GPU_mem   box_loss   seg_loss   cls_loss   dfl_loss  Instances       Size

      Epoch    GPU_mem   box_loss   seg_loss   cls_loss   dfl_loss  Instances       Size

      Epoch    GPU_mem   box_loss   seg_loss   cls_loss   dfl_loss  Instances       Size

      Epoch    GPU_mem   box_loss   seg_loss   cls_loss   dfl_loss  Instances       Size

      Epoch    GPU_mem   box_loss   seg_loss   cls_loss   dfl_loss  Instances       Size

      Epoch    GPU_mem   box_loss   seg_loss   cls_loss   dfl_loss  Instances       Size

      Epoch    GPU_mem   box_loss   seg_loss   cls_loss   dfl_loss  Instances       Size

      Epoch    GPU_mem   box_loss   seg_loss   cls_loss   dfl_loss  Instances       Size

      Epoch    GPU_mem   box_loss   seg_loss   cls_loss   dfl_loss  Instances       Size

      Epoch    GPU_mem   box_loss   seg_loss   cls_loss   dfl_loss  Instances       Size

      Epoch    GPU_mem   box_loss   seg_loss   cls_loss   dfl_loss  Instances       Size

      Epoch    GPU_mem   box_loss   seg_loss   cls_loss   dfl_loss  Instances       Size

      Epoch    GPU_mem   box_loss   seg_loss   cls_loss   dfl_loss  Instances       Size

      Epoch    GPU_mem   box_loss   seg_loss   cls_loss   dfl_loss  Instances       Size

      Epoch    GPU_mem   box_loss   seg_loss   cls_loss   dfl_loss  Instances       Size

      Epoch    GPU_mem   box_loss   seg_loss   cls_loss   dfl_loss  Instances       Size

      Epoch    GPU_mem   box_loss   seg_loss   cls_loss   dfl_loss  Instances       Size

      Epoch    GPU_mem   box_loss   seg_loss   cls_loss   dfl_loss  Instances       Size

      Epoch    GPU_mem   box_loss   seg_loss   cls_loss   dfl_loss  Instances       Size

      Epoch    GPU_mem   box_loss   seg_loss   cls_loss   dfl_loss  Instances       Size

      Epoch    GPU_mem   box_loss   seg_loss   cls_loss   dfl_loss  Instances       Size

      Epoch    GPU_mem   box_loss   seg_loss   cls_loss   dfl_loss  Instances       Size

      Epoch    GPU_mem   box_loss   seg_loss   cls_loss   dfl_loss  Instances       Size

      Epoch    GPU_mem   box_loss   seg_loss   cls_loss   dfl_loss  Instances       Size

      Epoch    GPU_mem   box_loss   seg_loss   cls_loss   dfl_loss  Instances       Size

      Epoch    GPU_mem   box_loss   seg_loss   cls_loss   dfl_loss  Instances       Size

      Epoch    GPU_mem   box_loss   seg_loss   cls_loss   dfl_loss  Instances       Size

      Epoch    GPU_mem   box_loss   seg_loss   cls_loss   dfl_loss  Instances       Size

      Epoch    GPU_mem   box_loss   seg_loss   cls_loss   dfl_loss  Instances       Size

      Epoch    GPU_mem   box_loss   seg_loss   cls_loss   dfl_loss  Instances       Size

      Epoch    GPU_mem   box_loss   seg_loss   cls_loss   dfl_loss  Instances       Size

      Epoch    GPU_mem   box_loss   seg_loss   cls_loss   dfl_loss  Instances       Size

      Epoch    GPU_mem   box_loss   seg_loss   cls_loss   dfl_loss  Instances       Size

      Epoch    GPU_mem   box_loss   seg_loss   cls_loss   dfl_loss  Instances       Size

      Epoch    GPU_mem   box_loss   seg_loss   cls_loss   dfl_loss  Instances       Size

      Epoch    GPU_mem   box_loss   seg_loss   cls_loss   dfl_loss  Instances       Size

      Epoch    GPU_mem   box_loss   seg_loss   cls_loss   dfl_loss  Instances       Size

      Epoch    GPU_mem   box_loss   seg_loss   cls_loss   dfl_loss  Instances       Size

      Epoch    GPU_mem   box_loss   seg_loss   cls_loss   dfl_loss  Instances       Size

      Epoch    GPU_mem   box_loss   seg_loss   cls_loss   dfl_loss  Instances       Size

      Epoch    GPU_mem   box_loss   seg_loss   cls_loss   dfl_loss  Instances       Size

      Epoch    GPU_mem   box_loss   seg_loss   cls_loss   dfl_loss  Instances       Size

      Epoch    GPU_mem   box_loss   seg_loss   cls_loss   dfl_loss  Instances       Size

      Epoch    GPU_mem   box_loss   seg_loss   cls_loss   dfl_loss  Instances       Size

      Epoch    GPU_mem   box_loss   seg_loss   cls_loss   dfl_loss  Instances       Size

      Epoch    GPU_mem   box_loss   seg_loss   cls_loss   dfl_loss  Instances       Size

      Epoch    GPU_mem   box_loss   seg_loss   cls_loss   dfl_loss  Instances       Size

      Epoch    GPU_mem   box_loss   seg_loss   cls_loss   dfl_loss  Instances       Size

      Epoch    GPU_mem   box_loss   seg_loss   cls_loss   dfl_loss  Instances       Size

      Epoch    GPU_mem   box_loss   seg_loss   cls_loss   dfl_loss  Instances       Size

      Epoch    GPU_mem   box_loss   seg_loss   cls_loss   dfl_loss  Instances       Size

      Epoch    GPU_mem   box_loss   seg_loss   cls_loss   dfl_loss  Instances       Size

      Epoch    GPU_mem   box_loss   seg_loss   cls_loss   dfl_loss  Instances       Size

      Epoch    GPU_mem   box_loss   seg_loss   cls_loss   dfl_loss  Instances       Size

      Epoch    GPU_mem   box_loss   seg_loss   cls_loss   dfl_loss  Instances       Size

      Epoch    GPU_mem   box_loss   seg_loss   cls_loss   dfl_loss  Instances       Size

      Epoch    GPU_mem   box_loss   seg_loss   cls_loss   dfl_loss  Instances       Size

      Epoch    GPU_mem   box_loss   seg_loss   cls_loss   dfl_loss  Instances       Size

      Epoch    GPU_mem   box_loss   seg_loss   cls_loss   dfl_loss  Instances       Size

      Epoch    GPU_mem   box_loss   seg_loss   cls_loss   dfl_loss  Instances       Size

      Epoch    GPU_mem   box_loss   seg_loss   cls_loss   dfl_loss  Instances       Size

      Epoch    GPU_mem   box_loss   seg_loss   cls_loss   dfl_loss  Instances       Size

      Epoch    GPU_mem   box_loss   seg_loss   cls_loss   dfl_loss  Instances       Size

      Epoch    GPU_mem   box_loss   seg_loss   cls_loss   dfl_loss  Instances       Size

      Epoch    GPU_mem   box_loss   seg_loss   cls_loss   dfl_loss  Instances       Size

      Epoch    GPU_mem   box_loss   seg_loss   cls_loss   dfl_loss  Instances       Size

      Epoch    GPU_mem   box_loss   seg_loss   cls_loss   dfl_loss  Instances       Size

      Epoch    GPU_mem   box_loss   seg_loss   cls_loss   dfl_loss  Instances       Size

      Epoch    GPU_mem   box_loss   seg_loss   cls_loss   dfl_loss  Instances       Size

      Epoch    GPU_mem   box_loss   seg_loss   cls_loss   dfl_loss  Instances       Size

      Epoch    GPU_mem   box_loss   seg_loss   cls_loss   dfl_loss  Instances       Size

      Epoch    GPU_mem   box_loss   seg_loss   cls_loss   dfl_loss  Instances       Size

      Epoch    GPU_mem   box_loss   seg_loss   cls_loss   dfl_loss  Instances       Size

      Epoch    GPU_mem   box_loss   seg_loss   cls_loss   dfl_loss  Instances       Size

      Epoch    GPU_mem   box_loss   seg_loss   cls_loss   dfl_loss  Instances       Size

      Epoch    GPU_mem   box_loss   seg_loss   cls_loss   dfl_loss  Instances       Size

      Epoch    GPU_mem   box_loss   seg_loss   cls_loss   dfl_loss  Instances       Size

      Epoch    GPU_mem   box_loss   seg_loss   cls_loss   dfl_loss  Instances       Size

      Epoch    GPU_mem   box_loss   seg_loss   cls_loss   dfl_loss  Instances       Size

      Epoch    GPU_mem   box_loss   seg_loss   cls_loss   dfl_loss  Instances       Size

      Epoch    GPU_mem   box_loss   seg_loss   cls_loss   dfl_loss  Instances       Size

      Epoch    GPU_mem   box_loss   seg_loss   cls_loss   dfl_loss  Instances       Size

      Epoch    GPU_mem   box_loss   seg_loss   cls_loss   dfl_loss  Instances       Size

      Epoch    GPU_mem   box_loss   seg_loss   cls_loss   dfl_loss  Instances       Size

      Epoch    GPU_mem   box_loss   seg_loss   cls_loss   dfl_loss  Instances       Size

      Epoch    GPU_mem   box_loss   seg_loss   cls_loss   dfl_loss  Instances       Size

      Epoch    GPU_mem   box_loss   seg_loss   cls_loss   dfl_loss  Instances       Size

      Epoch    GPU_mem   box_loss   seg_loss   cls_loss   dfl_loss  Instances       Size

      Epoch    GPU_mem   box_loss   seg_loss   cls_loss   dfl_loss  Instances       Size

      Epoch    GPU_mem   box_loss   seg_loss   cls_loss   dfl_loss  Instances       Size

      Epoch    GPU_mem   box_loss   seg_loss   cls_loss   dfl_loss  Instances       Size

      Epoch    GPU_mem   box_loss   seg_loss   cls_loss   dfl_loss  Instances       Size

      Epoch    GPU_mem   box_loss   seg_loss   cls_loss   dfl_loss  Instances       Size

      Epoch    GPU_mem   box_loss   seg_loss   cls_loss   dfl_loss  Instances       Size

      Epoch    GPU_mem   box_loss   seg_loss   cls_loss   dfl_loss  Instances       Size

      Epoch    GPU_mem   box_loss   seg_loss   cls_loss   dfl_loss  Instances       Size

      Epoch    GPU_mem   box_loss   seg_loss   cls_loss   dfl_loss  Instances       Size

      Epoch    GPU_mem   box_loss   seg_loss   cls_loss   dfl_loss  Instances       Size

      Epoch    GPU_mem   box_loss   seg_loss   cls_loss   dfl_loss  Instances       Size

      Epoch    GPU_mem   box_loss   seg_loss   cls_loss   dfl_loss  Instances       Size

      Epoch    GPU_mem   box_loss   seg_loss   cls_loss   dfl_loss  Instances       Size

      Epoch    GPU_mem   box_loss   seg_loss   cls_loss   dfl_loss  Instances       Size

      Epoch    GPU_mem   box_loss   seg_loss   cls_loss   dfl_loss  Instances       Size

      Epoch    GPU_mem   box_loss   seg_loss   cls_loss   dfl_loss  Instances       Size

      Epoch    GPU_mem   box_loss   seg_loss   cls_loss   dfl_loss  Instances       Size

      Epoch    GPU_mem   box_loss   seg_loss   cls_loss   dfl_loss  Instances       Size

      Epoch    GPU_mem   box_loss   seg_loss   cls_loss   dfl_loss  Instances       Size

      Epoch    GPU_mem   box_loss   seg_loss   cls_loss   dfl_loss  Instances       Size

      Epoch    GPU_mem   box_loss   seg_loss   cls_loss   dfl_loss  Instances       Size

      Epoch    GPU_mem   box_loss   seg_loss   cls_loss   dfl_loss  Instances       Size

      Epoch    GPU_mem   box_loss   seg_loss   cls_loss   dfl_loss  Instances       Size

      Epoch    GPU_mem   box_loss   seg_loss   cls_loss   dfl_loss  Instances       Size

      Epoch    GPU_mem   box_loss   seg_loss   cls_loss   dfl_loss  Instances       Size

      Epoch    GPU_mem   box_loss   seg_loss   cls_loss   dfl_loss  Instances       Size

      Epoch    GPU_mem   box_loss   seg_loss   cls_loss   dfl_loss  Instances       Size

      Epoch    GPU_mem   box_loss   seg_loss   cls_loss   dfl_loss  Instances       Size

      Epoch    GPU_mem   box_loss   seg_loss   cls_loss   dfl_loss  Instances       Size

      Epoch    GPU_mem   box_loss   seg_loss   cls_loss   dfl_loss  Instances       Size

      Epoch    GPU_mem   box_loss   seg_loss   cls_loss   dfl_loss  Instances       Size

      Epoch    GPU_mem   box_loss   seg_loss   cls_loss   dfl_loss  Instances       Size

      Epoch    GPU_mem   box_loss   seg_loss   cls_loss   dfl_loss  Instances       Size

      Epoch    GPU_mem   box_loss   seg_loss   cls_loss   dfl_loss  Instances       Size

      Epoch    GPU_mem   box_loss   seg_loss   cls_loss   dfl_loss  Instances       Size

      Epoch    GPU_mem   box_loss   seg_loss   cls_loss   dfl_loss  Instances       Size

      Epoch    GPU_mem   box_loss   seg_loss   cls_loss   dfl_loss  Instances       Size

      Epoch    GPU_mem   box_loss   seg_loss   cls_loss   dfl_loss  Instances       Size

      Epoch    GPU_mem   box_loss   seg_loss   cls_loss   dfl_loss  Instances       Size

      Epoch    GPU_mem   box_loss   seg_loss   cls_loss   dfl_loss  Instances       Size

      Epoch    GPU_mem   box_loss   seg_loss   cls_loss   dfl_loss  Instances       Size

      Epoch    GPU_mem   box_loss   seg_loss   cls_loss   dfl_loss  Instances       Size

      Epoch    GPU_mem   box_loss   seg_loss   cls_loss   dfl_loss  Instances       Size

      Epoch    GPU_mem   box_loss   seg_loss   cls_loss   dfl_loss  Instances       Size

      Epoch    GPU_mem   box_loss   seg_loss   cls_loss   dfl_loss  Instances       Size

      Epoch    GPU_mem   box_loss   seg_loss   cls_loss   dfl_loss  Instances       Size

      Epoch    GPU_mem   box_loss   seg_loss   cls_loss   dfl_loss  Instances       Size

      Epoch    GPU_mem   box_loss   seg_loss   cls_loss   dfl_loss  Instances       Size

      Epoch    GPU_mem   box_loss   seg_loss   cls_loss   dfl_loss  Instances       Size

      Epoch    GPU_mem   box_loss   seg_loss   cls_loss   dfl_loss  Instances       Size

      Epoch    GPU_mem   box_loss   seg_loss   cls_loss   dfl_loss  Instances       Size

      Epoch    GPU_mem   box_loss   seg_loss   cls_loss   dfl_loss  Instances       Size

      Epoch    GPU_mem   box_loss   seg_loss   cls_loss   dfl_loss  Instances       Size

      Epoch    GPU_mem   box_loss   seg_loss   cls_loss   dfl_loss  Instances       Size

      Epoch    GPU_mem   box_loss   seg_loss   cls_loss   dfl_loss  Instances       Size

      Epoch    GPU_mem   box_loss   seg_loss   cls_loss   dfl_loss  Instances       Size

      Epoch    GPU_mem   box_loss   seg_loss   cls_loss   dfl_loss  Instances       Size

      Epoch    GPU_mem   box_loss   seg_loss   cls_loss   dfl_loss  Instances       Size

      Epoch    GPU_mem   box_loss   seg_loss   cls_loss   dfl_loss  Instances       Size

      Epoch    GPU_mem   box_loss   seg_loss   cls_loss   dfl_loss  Instances       Size

      Epoch    GPU_mem   box_loss   seg_loss   cls_loss   dfl_loss  Instances       Size

      Epoch    GPU_mem   box_loss   seg_loss   cls_loss   dfl_loss  Instances       Size

      Epoch    GPU_mem   box_loss   seg_loss   cls_loss   dfl_loss  Instances       Size

      Epoch    GPU_mem   box_loss   seg_loss   cls_loss   dfl_loss  Instances       Size

      Epoch    GPU_mem   box_loss   seg_loss   cls_loss   dfl_loss  Instances       Size

      Epoch    GPU_mem   box_loss   seg_loss   cls_loss   dfl_loss  Instances       Size

      Epoch    GPU_mem   box_loss   seg_loss   cls_loss   dfl_loss  Instances       Size

      Epoch    GPU_mem   box_loss   seg_loss   cls_loss   dfl_loss  Instances       Size

      Epoch    GPU_mem   box_loss   seg_loss   cls_loss   dfl_loss  Instances       Size

      Epoch    GPU_mem   box_loss   seg_loss   cls_loss   dfl_loss  Instances       Size

      Epoch    GPU_mem   box_loss   seg_loss   cls_loss   dfl_loss  Instances       Size

      Epoch    GPU_mem   box_loss   seg_loss   cls_loss   dfl_loss  Instances       Size

      Epoch    GPU_mem   box_loss   seg_loss   cls_loss   dfl_loss  Instances       Size

      Epoch    GPU_mem   box_loss   seg_loss   cls_loss   dfl_loss  Instances       Size

      Epoch    GPU_mem   box_loss   seg_loss   cls_loss   dfl_loss  Instances       Size

      Epoch    GPU_mem   box_loss   seg_loss   cls_loss   dfl_loss  Instances       Size

      Epoch    GPU_mem   box_loss   seg_loss   cls_loss   dfl_loss  Instances       Size

      Epoch    GPU_mem   box_loss   seg_loss   cls_loss   dfl_loss  Instances       Size

      Epoch    GPU_mem   box_loss   seg_loss   cls_loss   dfl_loss  Instances       Size

      Epoch    GPU_mem   box_loss   seg_loss   cls_loss   dfl_loss  Instances       Size

      Epoch    GPU_mem   box_loss   seg_loss   cls_loss   dfl_loss  Instances       Size

      Epoch    GPU_mem   box_loss   seg_loss   cls_loss   dfl_loss  Instances       Size

      Epoch    GPU_mem   box_loss   seg_loss   cls_loss   dfl_loss  Instances       Size

      Epoch    GPU_mem   box_loss   seg_loss   cls_loss   dfl_loss  Instances       Size

      Epoch    GPU_mem   box_loss   seg_loss   cls_loss   dfl_loss  Instances       Size

      Epoch    GPU_mem   box_loss   seg_loss   cls_loss   dfl_loss  Instances       Size

      Epoch    GPU_mem   box_loss   seg_loss   cls_loss   dfl_loss  Instances       Size

      Epoch    GPU_mem   box_loss   seg_loss   cls_loss   dfl_loss  Instances       Size

      Epoch    GPU_mem   box_loss   seg_loss   cls_loss   dfl_loss  Instances       Size

      Epoch    GPU_mem   box_loss   seg_loss   cls_loss   dfl_loss  Instances       Size

      Epoch    GPU_mem   box_loss   seg_loss   cls_loss   dfl_loss  Instances       Size

      Epoch    GPU_mem   box_loss   seg_loss   cls_loss   dfl_loss  Instances       Size

      Epoch    GPU_mem   box_loss   seg_loss   cls_loss   dfl_loss  Instances       Size

      Epoch    GPU_mem   box_loss   seg_loss   cls_loss   dfl_loss  Instances       Size

      Epoch    GPU_mem   box_loss   seg_loss   cls_loss   dfl_loss  Instances       Size

      Epoch    GPU_mem   box_loss   seg_loss   cls_loss   dfl_loss  Instances       Size

      Epoch    GPU_mem   box_loss   seg_loss   cls_loss   dfl_loss  Instances       Size

      Epoch    GPU_mem   box_loss   seg_loss   cls_loss   dfl_loss  Instances       Size

      Epoch    GPU_mem   box_loss   seg_loss   cls_loss   dfl_loss  Instances       Size

      Epoch    GPU_mem   box_loss   seg_loss   cls_loss   dfl_loss  Instances       Size

      Epoch    GPU_mem   box_loss   seg_loss   cls_loss   dfl_loss  Instances       Size

      Epoch    GPU_mem   box_loss   seg_loss   cls_loss   dfl_loss  Instances       Size

      Epoch    GPU_mem   box_loss   seg_loss   cls_loss   dfl_loss  Instances       Size

      Epoch    GPU_mem   box_loss   seg_loss   cls_loss   dfl_loss  Instances       Size

      Epoch    GPU_mem   box_loss   seg_loss   cls_loss   dfl_loss  Instances       Size

      Epoch    GPU_mem   box_loss   seg_loss   cls_loss   dfl_loss  Instances       Size

      Epoch    GPU_mem   box_loss   seg_loss   cls_loss   dfl_loss  Instances       Size

      Epoch    GPU_mem   box_loss   seg_loss   cls_loss   dfl_loss  Instances       Size

      Epoch    GPU_mem   box_loss   seg_loss   cls_loss   dfl_loss  Instances       Size

      Epoch    GPU_mem   box_loss   seg_loss   cls_loss   dfl_loss  Instances       Size

      Epoch    GPU_mem   box_loss   seg_loss   cls_loss   dfl_loss  Instances       Size

      Epoch    GPU_mem   box_loss   seg_loss   cls_loss   dfl_loss  Instances       Size

      Epoch    GPU_mem   box_loss   seg_loss   cls_loss   dfl_loss  Instances       Size

      Epoch    GPU_mem   box_loss   seg_loss   cls_loss   dfl_loss  Instances       Size

      Epoch    GPU_mem   box_loss   seg_loss   cls_loss   dfl_loss  Instances       Size

      Epoch    GPU_mem   box_loss   seg_loss   cls_loss   dfl_loss  Instances       Size

      Epoch    GPU_mem   box_loss   seg_loss   cls_loss   dfl_loss  Instances       Size

      Epoch    GPU_mem   box_loss   seg_loss   cls_loss   dfl_loss  Instances       Size

      Epoch    GPU_mem   box_loss   seg_loss   cls_loss   dfl_loss  Instances       Size

      Epoch    GPU_mem   box_loss   seg_loss   cls_loss   dfl_loss  Instances       Size

      Epoch    GPU_mem   box_loss   seg_loss   cls_loss   dfl_loss  Instances       Size

      Epoch    GPU_mem   box_loss   seg_loss   cls_loss   dfl_loss  Instances       Size

      Epoch    GPU_mem   box_loss   seg_loss   cls_loss   dfl_loss  Instances       Size

      Epoch    GPU_mem   box_loss   seg_loss   cls_loss   dfl_loss  Instances       Size

      Epoch    GPU_mem   box_loss   seg_loss   cls_loss   dfl_loss  Instances       Size

      Epoch    GPU_mem   box_loss   seg_loss   cls_loss   dfl_loss  Instances       Size

      Epoch    GPU_mem   box_loss   seg_loss   cls_loss   dfl_loss  Instances       Size

      Epoch    GPU_mem   box_loss   seg_loss   cls_loss   dfl_loss  Instances       Size

      Epoch    GPU_mem   box_loss   seg_loss   cls_loss   dfl_loss  Instances       Size

      Epoch    GPU_mem   box_loss   seg_loss   cls_loss   dfl_loss  Instances       Size

      Epoch    GPU_mem   box_loss   seg_loss   cls_loss   dfl_loss  Instances       Size

      Epoch    GPU_mem   box_loss   seg_loss   cls_loss   dfl_loss  Instances       Size

      Epoch    GPU_mem   box_loss   seg_loss   cls_loss   dfl_loss  Instances       Size

      Epoch    GPU_mem   box_loss   seg_loss   cls_loss   dfl_loss  Instances       Size

      Epoch    GPU_mem   box_loss   seg_loss   cls_loss   dfl_loss  Instances       Size

      Epoch    GPU_mem   box_loss   seg_loss   cls_loss   dfl_loss  Instances       Size

      Epoch    GPU_mem   box_loss   seg_loss   cls_loss   dfl_loss  Instances       Size

      Epoch    GPU_mem   box_loss   seg_loss   cls_loss   dfl_loss  Instances       Size

      Epoch    GPU_mem   box_loss   seg_loss   cls_loss   dfl_loss  Instances       Size

      Epoch    GPU_mem   box_loss   seg_loss   cls_loss   dfl_loss  Instances       Size

      Epoch    GPU_mem   box_loss   seg_loss   cls_loss   dfl_loss  Instances       Size

      Epoch    GPU_mem   box_loss   seg_loss   cls_loss   dfl_loss  Instances       Size

      Epoch    GPU_mem   box_loss   seg_loss   cls_loss   dfl_loss  Instances       Size

      Epoch    GPU_mem   box_loss   seg_loss   cls_loss   dfl_loss  Instances       Size

      Epoch    GPU_mem   box_loss   seg_loss   cls_loss   dfl_loss  Instances       Size

      Epoch    GPU_mem   box_loss   seg_loss   cls_loss   dfl_loss  Instances       Size

      Epoch    GPU_mem   box_loss   seg_loss   cls_loss   dfl_loss  Instances       Size

      Epoch    GPU_mem   box_loss   seg_loss   cls_loss   dfl_loss  Instances       Size

      Epoch    GPU_mem   box_loss   seg_loss   cls_loss   dfl_loss  Instances       Size

      Epoch    GPU_mem   box_loss   seg_loss   cls_loss   dfl_loss  Instances       Size

      Epoch    GPU_mem   box_loss   seg_loss   cls_loss   dfl_loss  Instances       Size

      Epoch    GPU_mem   box_loss   seg_loss   cls_loss   dfl_loss  Instances       Size

      Epoch    GPU_mem   box_loss   seg_loss   cls_loss   dfl_loss  Instances       Size

      Epoch    GPU_mem   box_loss   seg_loss   cls_loss   dfl_loss  Instances       Size

      Epoch    GPU_mem   box_loss   seg_loss   cls_loss   dfl_loss  Instances       Size

      Epoch    GPU_mem   box_loss   seg_loss   cls_loss   dfl_loss  Instances       Size

      Epoch    GPU_mem   box_loss   seg_loss   cls_loss   dfl_loss  Instances       Size

      Epoch    GPU_mem   box_loss   seg_loss   cls_loss   dfl_loss  Instances       Size

      Epoch    GPU_mem   box_loss   seg_loss   cls_loss   dfl_loss  Instances       Size

      Epoch    GPU_mem   box_loss   seg_loss   cls_loss   dfl_loss  Instances       Size

      Epoch    GPU_mem   box_loss   seg_loss   cls_loss   dfl_loss  Instances       Size

      Epoch    GPU_mem   box_loss   seg_loss   cls_loss   dfl_loss  Instances       Size

      Epoch    GPU_mem   box_loss   seg_loss   cls_loss   dfl_loss  Instances       Size

      Epoch    GPU_mem   box_loss   seg_loss   cls_loss   dfl_loss  Instances       Size

      Epoch    GPU_mem   box_loss   seg_loss   cls_loss   dfl_loss  Instances       Size

      Epoch    GPU_mem   box_loss   seg_loss   cls_loss   dfl_loss  Instances       Size

      Epoch    GPU_mem   box_loss   seg_loss   cls_loss   dfl_loss  Instances       Size

      Epoch    GPU_mem   box_loss   seg_loss   cls_loss   dfl_loss  Instances       Size

      Epoch    GPU_mem   box_loss   seg_loss   cls_loss   dfl_loss  Instances       Size

      Epoch    GPU_mem   box_loss   seg_loss   cls_loss   dfl_loss  Instances       Size

      Epoch    GPU_mem   box_loss   seg_loss   cls_loss   dfl_loss  Instances       Size

      Epoch    GPU_mem   box_loss   seg_loss   cls_loss   dfl_loss  Instances       Size

      Epoch    GPU_mem   box_loss   seg_loss   cls_loss   dfl_loss  Instances       Size

      Epoch    GPU_mem   box_loss   seg_loss   cls_loss   dfl_loss  Instances       Size

      Epoch    GPU_mem   box_loss   seg_loss   cls_loss   dfl_loss  Instances       Size

      Epoch    GPU_mem   box_loss   seg_loss   cls_loss   dfl_loss  Instances       Size

      Epoch    GPU_mem   box_loss   seg_loss   cls_loss   dfl_loss  Instances       Size

      Epoch    GPU_mem   box_loss   seg_loss   cls_loss   dfl_loss  Instances       Size

      Epoch    GPU_mem   box_loss   seg_loss   cls_loss   dfl_loss  Instances       Size

      Epoch    GPU_mem   box_loss   seg_loss   cls_loss   dfl_loss  Instances       Size

      Epoch    GPU_mem   box_loss   seg_loss   cls_loss   dfl_loss  Instances       Size

      Epoch    GPU_mem   box_loss   seg_loss   cls_loss   dfl_loss  Instances       Size

      Epoch    GPU_mem   box_loss   seg_loss   cls_loss   dfl_loss  Instances       Size

      Epoch    GPU_mem   box_loss   seg_loss   cls_loss   dfl_loss  Instances       Size

      Epoch    GPU_mem   box_loss   seg_loss   cls_loss   dfl_loss  Instances       Size

      Epoch    GPU_mem   box_loss   seg_loss   cls_loss   dfl_loss  Instances       Size

      Epoch    GPU_mem   box_loss   seg_loss   cls_loss   dfl_loss  Instances       Size

      Epoch    GPU_mem   box_loss   seg_loss   cls_loss   dfl_loss  Instances       Size

      Epoch    GPU_mem   box_loss   seg_loss   cls_loss   dfl_loss  Instances       Size

      Epoch    GPU_mem   box_loss   seg_loss   cls_loss   dfl_loss  Instances       Size

      Epoch    GPU_mem   box_loss   seg_loss   cls_loss   dfl_loss  Instances       Size

      Epoch    GPU_mem   box_loss   seg_loss   cls_loss   dfl_loss  Instances       Size

      Epoch    GPU_mem   box_loss   seg_loss   cls_loss   dfl_loss  Instances       Size

      Epoch    GPU_mem   box_loss   seg_loss   cls_loss   dfl_loss  Instances       Size

      Epoch    GPU_mem   box_loss   seg_loss   cls_loss   dfl_loss  Instances       Size

      Epoch    GPU_mem   box_loss   seg_loss   cls_loss   dfl_loss  Instances       Size

      Epoch    GPU_mem   box_loss   seg_loss   cls_loss   dfl_loss  Instances       Size

      Epoch    GPU_mem   box_loss   seg_loss   cls_loss   dfl_loss  Instances       Size

      Epoch    GPU_mem   box_loss   seg_loss   cls_loss   dfl_loss  Instances       Size

      Epoch    GPU_mem   box_loss   seg_loss   cls_loss   dfl_loss  Instances       Size

      Epoch    GPU_mem   box_loss   seg_loss   cls_loss   dfl_loss  Instances       Size

      Epoch    GPU_mem   box_loss   seg_loss   cls_loss   dfl_loss  Instances       Size

      Epoch    GPU_mem   box_loss   seg_loss   cls_loss   dfl_loss  Instances       Size

      Epoch    GPU_mem   box_loss   seg_loss   cls_loss   dfl_loss  Instances       Size

      Epoch    GPU_mem   box_loss   seg_loss   cls_loss   dfl_loss  Instances       Size

      Epoch    GPU_mem   box_loss   seg_loss   cls_loss   dfl_loss  Instances       Size

      Epoch    GPU_mem   box_loss   seg_loss   cls_loss   dfl_loss  Instances       Size

      Epoch    GPU_mem   box_loss   seg_loss   cls_loss   dfl_loss  Instances       Size

      Epoch    GPU_mem   box_loss   seg_loss   cls_loss   dfl_loss  Instances       Size

      Epoch    GPU_mem   box_loss   seg_loss   cls_loss   dfl_loss  Instances       Size

      Epoch    GPU_mem   box_loss   seg_loss   cls_loss   dfl_loss  Instances       Size

      Epoch    GPU_mem   box_loss   seg_loss   cls_loss   dfl_loss  Instances       Size

      Epoch    GPU_mem   box_loss   seg_loss   cls_loss   dfl_loss  Instances       Size

      Epoch    GPU_mem   box_loss   seg_loss   cls_loss   dfl_loss  Instances       Size

      Epoch    GPU_mem   box_loss   seg_loss   cls_loss   dfl_loss  Instances       Size

      Epoch    GPU_mem   box_loss   seg_loss   cls_loss   dfl_loss  Instances       Size

      Epoch    GPU_mem   box_loss   seg_loss   cls_loss   dfl_loss  Instances       Size

      Epoch    GPU_mem   box_loss   seg_loss   cls_loss   dfl_loss  Instances       Size

      Epoch    GPU_mem   box_loss   seg_loss   cls_loss   dfl_loss  Instances       Size

      Epoch    GPU_mem   box_loss   seg_loss   cls_loss   dfl_loss  Instances       Size

      Epoch    GPU_mem   box_loss   seg_loss   cls_loss   dfl_loss  Instances       Size

      Epoch    GPU_mem   box_loss   seg_loss   cls_loss   dfl_loss  Instances       Size

      Epoch    GPU_mem   box_loss   seg_loss   cls_loss   dfl_loss  Instances       Size

      Epoch    GPU_mem   box_loss   seg_loss   cls_loss   dfl_loss  Instances       Size

      Epoch    GPU_mem   box_loss   seg_loss   cls_loss   dfl_loss  Instances       Size

      Epoch    GPU_mem   box_loss   seg_loss   cls_loss   dfl_loss  Instances       Size

      Epoch    GPU_mem   box_loss   seg_loss   cls_loss   dfl_loss  Instances       Size

      Epoch    GPU_mem   box_loss   seg_loss   cls_loss   dfl_loss  Instances       Size

      Epoch    GPU_mem   box_loss   seg_loss   cls_loss   dfl_loss  Instances       Size

      Epoch    GPU_mem   box_loss   seg_loss   cls_loss   dfl_loss  Instances       Size

      Epoch    GPU_mem   box_loss   seg_loss   cls_loss   dfl_loss  Instances       Size

      Epoch    GPU_mem   box_loss   seg_loss   cls_loss   dfl_loss  Instances       Size

      Epoch    GPU_mem   box_loss   seg_loss   cls_loss   dfl_loss  Instances       Size

      Epoch    GPU_mem   box_loss   seg_loss   cls_loss   dfl_loss  Instances       Size

      Epoch    GPU_mem   box_loss   seg_loss   cls_loss   dfl_loss  Instances       Size

      Epoch    GPU_mem   box_loss   seg_loss   cls_loss   dfl_loss  Instances       Size

      Epoch    GPU_mem   box_loss   seg_loss   cls_loss   dfl_loss  Instances       Size

      Epoch    GPU_mem   box_loss   seg_loss   cls_loss   dfl_loss  Instances       Size

      Epoch    GPU_mem   box_loss   seg_loss   cls_loss   dfl_loss  Instances       Size

      Epoch    GPU_mem   box_loss   seg_loss   cls_loss   dfl_loss  Instances       Size

      Epoch    GPU_mem   box_loss   seg_loss   cls_loss   dfl_loss  Instances       Size

      Epoch    GPU_mem   box_loss   seg_loss   cls_loss   dfl_loss  Instances       Size

      Epoch    GPU_mem   box_loss   seg_loss   cls_loss   dfl_loss  Instances       Size

      Epoch    GPU_mem   box_loss   seg_loss   cls_loss   dfl_loss  Instances       Size

      Epoch    GPU_mem   box_loss   seg_loss   cls_loss   dfl_loss  Instances       Size

      Epoch    GPU_mem   box_loss   seg_loss   cls_loss   dfl_loss  Instances       Size

      Epoch    GPU_mem   box_loss   seg_loss   cls_loss   dfl_loss  Instances       Size

      Epoch    GPU_mem   box_loss   seg_loss   cls_loss   dfl_loss  Instances       Size

      Epoch    GPU_mem   box_loss   seg_loss   cls_loss   dfl_loss  Instances       Size

      Epoch    GPU_mem   box_loss   seg_loss   cls_loss   dfl_loss  Instances       Size

      Epoch    GPU_mem   box_loss   seg_loss   cls_loss   dfl_loss  Instances       Size

      Epoch    GPU_mem   box_loss   seg_loss   cls_loss   dfl_loss  Instances       Size

      Epoch    GPU_mem   box_loss   seg_loss   cls_loss   dfl_loss  Instances       Size

      Epoch    GPU_mem   box_loss   seg_loss   cls_loss   dfl_loss  Instances       Size

      Epoch    GPU_mem   box_loss   seg_loss   cls_loss   dfl_loss  Instances       Size

      Epoch    GPU_mem   box_loss   seg_loss   cls_loss   dfl_loss  Instances       Size

      Epoch    GPU_mem   box_loss   seg_loss   cls_loss   dfl_loss  Instances       Size

      Epoch    GPU_mem   box_loss   seg_loss   cls_loss   dfl_loss  Instances       Size

      Epoch    GPU_mem   box_loss   seg_loss   cls_loss   dfl_loss  Instances       Size

      Epoch    GPU_mem   box_loss   seg_loss   cls_loss   dfl_loss  Instances       Size

      Epoch    GPU_mem   box_loss   seg_loss   cls_loss   dfl_loss  Instances       Size

      Epoch    GPU_mem   box_loss   seg_loss   cls_loss   dfl_loss  Instances       Size

      Epoch    GPU_mem   box_loss   seg_loss   cls_loss   dfl_loss  Instances       Size

      Epoch    GPU_mem   box_loss   seg_loss   cls_loss   dfl_loss  Instances       Size

      Epoch    GPU_mem   box_loss   seg_loss   cls_loss   dfl_loss  Instances       Size

      Epoch    GPU_mem   box_loss   seg_loss   cls_loss   dfl_loss  Instances       Size

      Epoch    GPU_mem   box_loss   seg_loss   cls_loss   dfl_loss  Instances       Size

      Epoch    GPU_mem   box_loss   seg_loss   cls_loss   dfl_loss  Instances       Size

      Epoch    GPU_mem   box_loss   seg_loss   cls_loss   dfl_loss  Instances       Size

      Epoch    GPU_mem   box_loss   seg_loss   cls_loss   dfl_loss  Instances       Size

      Epoch    GPU_mem   box_loss   seg_loss   cls_loss   dfl_loss  Instances       Size

      Epoch    GPU_mem   box_loss   seg_loss   cls_loss   dfl_loss  Instances       Size

      Epoch    GPU_mem   box_loss   seg_loss   cls_loss   dfl_loss  Instances       Size

      Epoch    GPU_mem   box_loss   seg_loss   cls_loss   dfl_loss  Instances       Size

      Epoch    GPU_mem   box_loss   seg_loss   cls_loss   dfl_loss  Instances       Size

      Epoch    GPU_mem   box_loss   seg_loss   cls_loss   dfl_loss  Instances       Size

      Epoch    GPU_mem   box_loss   seg_loss   cls_loss   dfl_loss  Instances       Size

      Epoch    GPU_mem   box_loss   seg_loss   cls_loss   dfl_loss  Instances       Size

      Epoch    GPU_mem   box_loss   seg_loss   cls_loss   dfl_loss  Instances       Size

      Epoch    GPU_mem   box_loss   seg_loss   cls_loss   dfl_loss  Instances       Size

      Epoch    GPU_mem   box_loss   seg_loss   cls_loss   dfl_loss  Instances       Size

      Epoch    GPU_mem   box_loss   seg_loss   cls_loss   dfl_loss  Instances       Size

      Epoch    GPU_mem   box_loss   seg_loss   cls_loss   dfl_loss  Instances       Size

      Epoch    GPU_mem   box_loss   seg_loss   cls_loss   dfl_loss  Instances       Size

      Epoch    GPU_mem   box_loss   seg_loss   cls_loss   dfl_loss  Instances       Size

      Epoch    GPU_mem   box_loss   seg_loss   cls_loss   dfl_loss  Instances       Size

      Epoch    GPU_mem   box_loss   seg_loss   cls_loss   dfl_loss  Instances       Size

      Epoch    GPU_mem   box_loss   seg_loss   cls_loss   dfl_loss  Instances       Size

      Epoch    GPU_mem   box_loss   seg_loss   cls_loss   dfl_loss  Instances       Size

      Epoch    GPU_mem   box_loss   seg_loss   cls_loss   dfl_loss  Instances       Size

      Epoch    GPU_mem   box_loss   seg_loss   cls_loss   dfl_loss  Instances       Size

      Epoch    GPU_mem   box_loss   seg_loss   cls_loss   dfl_loss  Instances       Size

      Epoch    GPU_mem   box_loss   seg_loss   cls_loss   dfl_loss  Instances       Size

      Epoch    GPU_mem   box_loss   seg_loss   cls_loss   dfl_loss  Instances       Size

      Epoch    GPU_mem   box_loss   seg_loss   cls_loss   dfl_loss  Instances       Size

      Epoch    GPU_mem   box_loss   seg_loss   cls_loss   dfl_loss  Instances       Size

      Epoch    GPU_mem   box_loss   seg_loss   cls_loss   dfl_loss  Instances       Size

      Epoch    GPU_mem   box_loss   seg_loss   cls_loss   dfl_loss  Instances       Size

      Epoch    GPU_mem   box_loss   seg_loss   cls_loss   dfl_loss  Instances       Size

      Epoch    GPU_mem   box_loss   seg_loss   cls_loss   dfl_loss  Instances       Size

      Epoch    GPU_mem   box_loss   seg_loss   cls_loss   dfl_loss  Instances       Size

      Epoch    GPU_mem   box_loss   seg_loss   cls_loss   dfl_loss  Instances       Size

      Epoch    GPU_mem   box_loss   seg_loss   cls_loss   dfl_loss  Instances       Size

      Epoch    GPU_mem   box_loss   seg_loss   cls_loss   dfl_loss  Instances       Size

      Epoch    GPU_mem   box_loss   seg_loss   cls_loss   dfl_loss  Instances       Size

      Epoch    GPU_mem   box_loss   seg_loss   cls_loss   dfl_loss  Instances       Size

      Epoch    GPU_mem   box_loss   seg_loss   cls_loss   dfl_loss  Instances       Size

      Epoch    GPU_mem   box_loss   seg_loss   cls_loss   dfl_loss  Instances       Size

      Epoch    GPU_mem   box_loss   seg_loss   cls_loss   dfl_loss  Instances       Size

      Epoch    GPU_mem   box_loss   seg_loss   cls_loss   dfl_loss  Instances       Size

      Epoch    GPU_mem   box_loss   seg_loss   cls_loss   dfl_loss  Instances       Size

      Epoch    GPU_mem   box_loss   seg_loss   cls_loss   dfl_loss  Instances       Size

      Epoch    GPU_mem   box_loss   seg_loss   cls_loss   dfl_loss  Instances       Size

      Epoch    GPU_mem   box_loss   seg_loss   cls_loss   dfl_loss  Instances       Size

      Epoch    GPU_mem   box_loss   seg_loss   cls_loss   dfl_loss  Instances       Size

      Epoch    GPU_mem   box_loss   seg_loss   cls_loss   dfl_loss  Instances       Size

      Epoch    GPU_mem   box_loss   seg_loss   cls_loss   dfl_loss  Instances       Size

      Epoch    GPU_mem   box_loss   seg_loss   cls_loss   dfl_loss  Instances       Size

      Epoch    GPU_mem   box_loss   seg_loss   cls_loss   dfl_loss  Instances       Size

      Epoch    GPU_mem   box_loss   seg_loss   cls_loss   dfl_loss  Instances       Size

      Epoch    GPU_mem   box_loss   seg_loss   cls_loss   dfl_loss  Instances       Size

      Epoch    GPU_mem   box_loss   seg_loss   cls_loss   dfl_loss  Instances       Size

      Epoch    GPU_mem   box_loss   seg_loss   cls_loss   dfl_loss  Instances       Size

      Epoch    GPU_mem   box_loss   seg_loss   cls_loss   dfl_loss  Instances       Size

      Epoch    GPU_mem   box_loss   seg_loss   cls_loss   dfl_loss  Instances       Size

      Epoch    GPU_mem   box_loss   seg_loss   cls_loss   dfl_loss  Instances       Size

      Epoch    GPU_mem   box_loss   seg_loss   cls_loss   dfl_loss  Instances       Size

      Epoch    GPU_mem   box_loss   seg_loss   cls_loss   dfl_loss  Instances       Size

      Epoch    GPU_mem   box_loss   seg_loss   cls_loss   dfl_loss  Instances       Size

      Epoch    GPU_mem   box_loss   seg_loss   cls_loss   dfl_loss  Instances       Size

      Epoch    GPU_mem   box_loss   seg_loss   cls_loss   dfl_loss  Instances       Size

      Epoch    GPU_mem   box_loss   seg_loss   cls_loss   dfl_loss  Instances       Size

      Epoch    GPU_mem   box_loss   seg_loss   cls_loss   dfl_loss  Instances       Size

      Epoch    GPU_mem   box_loss   seg_loss   cls_loss   dfl_loss  Instances       Size

      Epoch    GPU_mem   box_loss   seg_loss   cls_loss   dfl_loss  Instances       Size

      Epoch    GPU_mem   box_loss   seg_loss   cls_loss   dfl_loss  Instances       Size

      Epoch    GPU_mem   box_loss   seg_loss   cls_loss   dfl_loss  Instances       Size

      Epoch    GPU_mem   box_loss   seg_loss   cls_loss   dfl_loss  Instances       Size

      Epoch    GPU_mem   box_loss   seg_loss   cls_loss   dfl_loss  Instances       Size

      Epoch    GPU_mem   box_loss   seg_loss   cls_loss   dfl_loss  Instances       Size

      Epoch    GPU_mem   box_loss   seg_loss   cls_loss   dfl_loss  Instances       Size

      Epoch    GPU_mem   box_loss   seg_loss   cls_loss   dfl_loss  Instances       Size

      Epoch    GPU_mem   box_loss   seg_loss   cls_loss   dfl_loss  Instances       Size

      Epoch    GPU_mem   box_loss   seg_loss   cls_loss   dfl_loss  Instances       Size

      Epoch    GPU_mem   box_loss   seg_loss   cls_loss   dfl_loss  Instances       Size

      Epoch    GPU_mem   box_loss   seg_loss   cls_loss   dfl_loss  Instances       Size
Closing dataloader mosaic

      Epoch    GPU_mem   box_loss   seg_loss   cls_loss   dfl_loss  Instances       Size

      Epoch    GPU_mem   box_loss   seg_loss   cls_loss   dfl_loss  Instances       Size

      Epoch    GPU_mem   box_loss   seg_loss   cls_loss   dfl_loss  Instances       Size

      Epoch    GPU_mem   box_loss   seg_loss   cls_loss   dfl_loss  Instances       Size

      Epoch    GPU_mem   box_loss   seg_loss   cls_loss   dfl_loss  Instances       Size

      Epoch    GPU_mem   box_loss   seg_loss   cls_loss   dfl_loss  Instances       Size

      Epoch    GPU_mem   box_loss   seg_loss   cls_loss   dfl_loss  Instances       Size

      Epoch    GPU_mem   box_loss   seg_loss   cls_loss   dfl_loss  Instances       Size

      Epoch    GPU_mem   box_loss   seg_loss   cls_loss   dfl_loss  Instances       Size

      Epoch    GPU_mem   box_loss   seg_loss   cls_loss   dfl_loss  Instances       Size
                   all          2      41854      0.906      0.779      0.801      0.683      0.654      0.557      0.552      0.333

999 epochs completed in 5.716 hours.
Optimizer stripped from seg_train_2024-01-10/train3/weights/last.pt, 92.5MB
Optimizer stripped from seg_train_2024-01-10/train3/weights/best.pt, 92.5MB

Validating seg_train_2024-01-10/train3/weights/best.pt...
Ultralytics YOLOv8.0.238 🚀 Python-3.11.6 torch-2.1.2+cu121 CUDA:0 (NVIDIA A30, 24062MiB)
YOLOv8l-seg summary (fused): 295 layers, 45921911 parameters, 0 gradients, 220.2 GFLOPs
                   all          2      41854      0.907      0.779      0.801      0.684      0.654      0.557      0.552      0.333
              column_1          2         22          1          1      0.995      0.798      0.818      0.818      0.803      0.275
        negative_rebar          2      24308      0.621    0.00135      0.207     0.0951      0.248   0.000576     0.0573     0.0271
                 rebar          2      17414          1          0          0          0          1          0          0          0
              hollow_1          2         14          1          1      0.995      0.995          0          0          0          0
                  lift          2         12          1          1      0.995      0.995          1          1      0.995       0.84
                 stair          2          4          1          1      0.995      0.995          1          1      0.995      0.995
              column_2          2          4          1          1      0.995      0.771          1          1      0.995     0.0995
       air_conditionor          2          2          1          1      0.995      0.995          1          1      0.995      0.697
              hollow_2          2          2          1          1      0.995      0.895          0          0          0          0
              column_4          2          2          1          1      0.995      0.796          1          1      0.995      0.895
              column_3          2          2          1          1      0.995      0.796          1          1      0.995      0.398
       column_vertical          2         32      0.698      0.625      0.735      0.439      0.278       0.25      0.171     0.0376
     column_horizontal          2         36      0.469        0.5      0.516      0.323      0.156      0.167      0.175     0.0618
Speed: 0.7ms preprocess, 9.4ms inference, 0.0ms loss, 26.4ms postprocess per image
Experiment End: 2024-01-10 16:28:33.041656
