Ultralytics YOLOv8.0.238 🚀 Python-3.11.6 torch-2.1.2+cu121 CUDA:0 (NVIDIA A30, 24062MiB)
Setup complete ✅ (192 CPUs, 1007.5 GB RAM, 81.0/589.5 GB disk)
Experiment Start: 2024-01-10T16:44:11.440417
Ultralytics YOLOv8.0.238 🚀 Python-3.11.6 torch-2.1.2+cu121 CUDA:0 (NVIDIA A30, 24062MiB)
[34m[1mengine/trainer: [0mtask=segment, mode=train, model=seg_train_2024-01-10/train3/weights/best.pt, data=/mnt/data/dayhoff/home/u6771897/constructive_detection/datasets/constructive_seg/data_dayhoff.yaml, epochs=2000, time=None, patience=50, batch=16, imgsz=640, save=True, save_period=-1, cache=False, device=None, workers=8, project=seg_train_2024-01-10, name=train4, exist_ok=False, pretrained=True, optimizer=auto, verbose=True, seed=0, deterministic=True, single_cls=False, rect=False, cos_lr=False, close_mosaic=10, resume=False, amp=True, fraction=1.0, profile=False, freeze=None, multi_scale=False, overlap_mask=True, mask_ratio=4, dropout=0.0, val=True, split=val, save_json=False, save_hybrid=False, conf=None, iou=0.7, max_det=300, half=False, dnn=False, plots=True, source=None, vid_stride=1, stream_buffer=False, visualize=False, augment=False, agnostic_nms=False, classes=None, retina_masks=False, embed=None, show=False, save_frames=False, save_txt=False, save_conf=False, save_crop=False, show_labels=True, show_conf=True, show_boxes=True, line_width=None, format=torchscript, keras=False, optimize=False, int8=False, dynamic=False, simplify=False, opset=None, workspace=4, nms=False, lr0=0.001, lrf=1e-06, momentum=0.937, weight_decay=0.0005, warmup_epochs=3.0, warmup_momentum=0.8, warmup_bias_lr=0.1, box=7.5, cls=0.5, dfl=1.5, pose=12.0, kobj=1.0, label_smoothing=0.0, nbs=64, hsv_h=0.015, hsv_s=0.7, hsv_v=0.4, degrees=0.0, translate=0.1, scale=0.5, shear=0.0, perspective=0.0, flipud=0.0, fliplr=0.5, mosaic=1.0, mixup=0.0, copy_paste=0.0, auto_augment=randaugment, erasing=0.4, crop_fraction=1.0, cfg=None, tracker=botsort.yaml, save_dir=seg_train_2024-01-10/train4

                   from  n    params  module                                       arguments                     
  0                  -1  1      1856  ultralytics.nn.modules.conv.Conv             [3, 64, 3, 2]                 
  1                  -1  1     73984  ultralytics.nn.modules.conv.Conv             [64, 128, 3, 2]               
  2                  -1  3    279808  ultralytics.nn.modules.block.C2f             [128, 128, 3, True]           
  3                  -1  1    295424  ultralytics.nn.modules.conv.Conv             [128, 256, 3, 2]              
  4                  -1  6   2101248  ultralytics.nn.modules.block.C2f             [256, 256, 6, True]           
  5                  -1  1   1180672  ultralytics.nn.modules.conv.Conv             [256, 512, 3, 2]              
  6                  -1  6   8396800  ultralytics.nn.modules.block.C2f             [512, 512, 6, True]           
  7                  -1  1   2360320  ultralytics.nn.modules.conv.Conv             [512, 512, 3, 2]              
  8                  -1  3   4461568  ultralytics.nn.modules.block.C2f             [512, 512, 3, True]           
  9                  -1  1    656896  ultralytics.nn.modules.block.SPPF            [512, 512, 5]                 
 10                  -1  1         0  torch.nn.modules.upsampling.Upsample         [None, 2, 'nearest']          
 11             [-1, 6]  1         0  ultralytics.nn.modules.conv.Concat           [1]                           
 12                  -1  3   4723712  ultralytics.nn.modules.block.C2f             [1024, 512, 3]                
 13                  -1  1         0  torch.nn.modules.upsampling.Upsample         [None, 2, 'nearest']          
 14             [-1, 4]  1         0  ultralytics.nn.modules.conv.Concat           [1]                           
 15                  -1  3   1247744  ultralytics.nn.modules.block.C2f             [768, 256, 3]                 
 16                  -1  1    590336  ultralytics.nn.modules.conv.Conv             [256, 256, 3, 2]              
 17            [-1, 12]  1         0  ultralytics.nn.modules.conv.Concat           [1]                           
 18                  -1  3   4592640  ultralytics.nn.modules.block.C2f             [768, 512, 3]                 
 19                  -1  1   2360320  ultralytics.nn.modules.conv.Conv             [512, 512, 3, 2]              
 20             [-1, 9]  1         0  ultralytics.nn.modules.conv.Concat           [1]                           
 21                  -1  3   4723712  ultralytics.nn.modules.block.C2f             [1024, 512, 3]                
 22        [15, 18, 21]  1   7899031  ultralytics.nn.modules.head.Segment          [13, 32, 256, [256, 512, 512]]
YOLOv8l-seg summary: 401 layers, 45946071 parameters, 45946055 gradients, 220.8 GFLOPs

Transferred 657/657 items from pretrained weights
Freezing layer 'model.22.dfl.conv.weight'
[34m[1mAMP: [0mrunning Automatic Mixed Precision (AMP) checks with YOLOv8n...
[34m[1mAMP: [0mchecks passed ✅
Plotting labels to seg_train_2024-01-10/train4/labels.jpg... 
[34m[1moptimizer:[0m 'optimizer=auto' found, ignoring 'lr0=0.001' and 'momentum=0.937' and determining best 'optimizer', 'lr0' and 'momentum' automatically... 
[34m[1moptimizer:[0m AdamW(lr=0.000588, momentum=0.9) with parameter groups 106 weight(decay=0.0), 117 weight(decay=0.0005), 116 bias(decay=0.0)
2000 epochs...

      Epoch    GPU_mem   box_loss   seg_loss   cls_loss   dfl_loss  Instances       Size
                   all          2      41854      0.908      0.779      0.801      0.683      0.654      0.557      0.552      0.333

      Epoch    GPU_mem   box_loss   seg_loss   cls_loss   dfl_loss  Instances       Size
                   all          2      41854      0.907      0.779      0.801      0.684      0.651      0.552      0.548      0.332

      Epoch    GPU_mem   box_loss   seg_loss   cls_loss   dfl_loss  Instances       Size
                   all          2      41854      0.908      0.779      0.801      0.684      0.654      0.557       0.55      0.334

      Epoch    GPU_mem   box_loss   seg_loss   cls_loss   dfl_loss  Instances       Size
                   all          2      41854      0.899      0.779      0.799      0.687       0.65      0.552      0.551      0.335

      Epoch    GPU_mem   box_loss   seg_loss   cls_loss   dfl_loss  Instances       Size
                   all          2      41854      0.915      0.779        0.8      0.687      0.649      0.552      0.553      0.336

      Epoch    GPU_mem   box_loss   seg_loss   cls_loss   dfl_loss  Instances       Size
                   all          2      41854      0.927      0.779      0.799      0.693      0.649      0.552      0.552      0.336

      Epoch    GPU_mem   box_loss   seg_loss   cls_loss   dfl_loss  Instances       Size
                   all          2      41854      0.923      0.779      0.797      0.686      0.641      0.545      0.541      0.349

      Epoch    GPU_mem   box_loss   seg_loss   cls_loss   dfl_loss  Instances       Size
                   all          2      41854      0.906      0.779      0.795       0.67      0.638      0.545      0.543       0.35

      Epoch    GPU_mem   box_loss   seg_loss   cls_loss   dfl_loss  Instances       Size
                   all          2      41854      0.879      0.779      0.796      0.667      0.631      0.545      0.543      0.337

      Epoch    GPU_mem   box_loss   seg_loss   cls_loss   dfl_loss  Instances       Size
                   all          2      41854      0.885      0.781      0.798      0.678       0.63      0.545      0.543      0.334

      Epoch    GPU_mem   box_loss   seg_loss   cls_loss   dfl_loss  Instances       Size
                   all          2      41854      0.886      0.781      0.799      0.677      0.633      0.545      0.538      0.329

      Epoch    GPU_mem   box_loss   seg_loss   cls_loss   dfl_loss  Instances       Size
                   all          2      41854      0.894      0.779        0.8      0.696       0.63      0.545      0.536      0.302

      Epoch    GPU_mem   box_loss   seg_loss   cls_loss   dfl_loss  Instances       Size
                   all          2      41854      0.824      0.783      0.802      0.711      0.569      0.554      0.537      0.302

      Epoch    GPU_mem   box_loss   seg_loss   cls_loss   dfl_loss  Instances       Size
                   all          2      41854      0.831      0.783      0.802      0.704      0.565      0.554       0.54        0.3

      Epoch    GPU_mem   box_loss   seg_loss   cls_loss   dfl_loss  Instances       Size
                   all          2      41854      0.834      0.783      0.796      0.685      0.562       0.55       0.54      0.301

      Epoch    GPU_mem   box_loss   seg_loss   cls_loss   dfl_loss  Instances       Size
                   all          2      41854      0.853      0.783      0.796      0.672      0.568      0.549      0.543      0.301

      Epoch    GPU_mem   box_loss   seg_loss   cls_loss   dfl_loss  Instances       Size
                   all          2      41854       0.84      0.783      0.791      0.667      0.564      0.549      0.543      0.302

      Epoch    GPU_mem   box_loss   seg_loss   cls_loss   dfl_loss  Instances       Size
                   all          2      41854       0.84      0.783      0.791      0.667      0.564      0.549      0.543      0.302

      Epoch    GPU_mem   box_loss   seg_loss   cls_loss   dfl_loss  Instances       Size
                   all          2      41854      0.849      0.778      0.794      0.661      0.561      0.545      0.539      0.301

      Epoch    GPU_mem   box_loss   seg_loss   cls_loss   dfl_loss  Instances       Size
                   all          2      41854      0.849      0.778      0.794      0.661      0.561      0.545      0.539      0.301

      Epoch    GPU_mem   box_loss   seg_loss   cls_loss   dfl_loss  Instances       Size
                   all          2      41854      0.855      0.774      0.792      0.657       0.57      0.546      0.541      0.301

      Epoch    GPU_mem   box_loss   seg_loss   cls_loss   dfl_loss  Instances       Size
                   all          2      41854      0.855      0.774      0.792      0.657       0.57      0.546      0.541      0.301

      Epoch    GPU_mem   box_loss   seg_loss   cls_loss   dfl_loss  Instances       Size
                   all          2      41854      0.841      0.765      0.781      0.625      0.582      0.556      0.549      0.303

      Epoch    GPU_mem   box_loss   seg_loss   cls_loss   dfl_loss  Instances       Size
                   all          2      41854      0.841      0.765      0.781      0.625      0.582      0.556      0.549      0.303

      Epoch    GPU_mem   box_loss   seg_loss   cls_loss   dfl_loss  Instances       Size
                   all          2      41854      0.821       0.77      0.786      0.629      0.581      0.556       0.55      0.303

      Epoch    GPU_mem   box_loss   seg_loss   cls_loss   dfl_loss  Instances       Size
                   all          2      41854      0.821       0.77      0.786      0.629      0.581      0.556       0.55      0.303

      Epoch    GPU_mem   box_loss   seg_loss   cls_loss   dfl_loss  Instances       Size
                   all          2      41854       0.82      0.768      0.795      0.646      0.578      0.552      0.552      0.302

      Epoch    GPU_mem   box_loss   seg_loss   cls_loss   dfl_loss  Instances       Size
                   all          2      41854       0.82      0.768      0.795      0.646      0.578      0.552      0.552      0.302

      Epoch    GPU_mem   box_loss   seg_loss   cls_loss   dfl_loss  Instances       Size
                   all          2      41854      0.832      0.761      0.792      0.664      0.583      0.556      0.553      0.305

      Epoch    GPU_mem   box_loss   seg_loss   cls_loss   dfl_loss  Instances       Size
                   all          2      41854      0.832      0.761      0.792      0.664      0.583      0.556      0.553      0.305

      Epoch    GPU_mem   box_loss   seg_loss   cls_loss   dfl_loss  Instances       Size
                   all          2      41854      0.832      0.766      0.796      0.671      0.482      0.474       0.47      0.301

      Epoch    GPU_mem   box_loss   seg_loss   cls_loss   dfl_loss  Instances       Size
                   all          2      41854      0.832      0.766      0.796      0.671      0.482      0.474       0.47      0.301

      Epoch    GPU_mem   box_loss   seg_loss   cls_loss   dfl_loss  Instances       Size
                   all          2      41854      0.836       0.77      0.791      0.677       0.49      0.472      0.472        0.3

      Epoch    GPU_mem   box_loss   seg_loss   cls_loss   dfl_loss  Instances       Size
                   all          2      41854      0.836       0.77      0.791      0.677       0.49      0.472      0.472        0.3

      Epoch    GPU_mem   box_loss   seg_loss   cls_loss   dfl_loss  Instances       Size
                   all          2      41854      0.841      0.775      0.787      0.675      0.482      0.468      0.467      0.307

      Epoch    GPU_mem   box_loss   seg_loss   cls_loss   dfl_loss  Instances       Size
                   all          2      41854      0.841      0.775      0.787      0.675      0.482      0.468      0.467      0.307

      Epoch    GPU_mem   box_loss   seg_loss   cls_loss   dfl_loss  Instances       Size
                   all          2      41854      0.831      0.772      0.782      0.678       0.48      0.468      0.462      0.311

      Epoch    GPU_mem   box_loss   seg_loss   cls_loss   dfl_loss  Instances       Size
                   all          2      41854      0.831      0.772      0.782      0.678       0.48      0.468      0.462      0.311

      Epoch    GPU_mem   box_loss   seg_loss   cls_loss   dfl_loss  Instances       Size
                   all          2      41854      0.842      0.762      0.778      0.657      0.484      0.467      0.463      0.316

      Epoch    GPU_mem   box_loss   seg_loss   cls_loss   dfl_loss  Instances       Size
                   all          2      41854      0.842      0.762      0.778      0.657      0.484      0.467      0.463      0.316

      Epoch    GPU_mem   box_loss   seg_loss   cls_loss   dfl_loss  Instances       Size
                   all          2      41854      0.837      0.758      0.776       0.65      0.488      0.463       0.46      0.313

      Epoch    GPU_mem   box_loss   seg_loss   cls_loss   dfl_loss  Instances       Size
                   all          2      41854      0.837      0.758      0.776       0.65      0.488      0.463       0.46      0.313

      Epoch    GPU_mem   box_loss   seg_loss   cls_loss   dfl_loss  Instances       Size
                   all          2      41854      0.883      0.766      0.775      0.649      0.553       0.47       0.47      0.315

      Epoch    GPU_mem   box_loss   seg_loss   cls_loss   dfl_loss  Instances       Size
                   all          2      41854      0.883      0.766      0.775      0.649      0.553       0.47       0.47      0.315

      Epoch    GPU_mem   box_loss   seg_loss   cls_loss   dfl_loss  Instances       Size
                   all          2      41854      0.865      0.771      0.774      0.656       0.56      0.475      0.474      0.302

      Epoch    GPU_mem   box_loss   seg_loss   cls_loss   dfl_loss  Instances       Size
                   all          2      41854      0.865      0.771      0.774      0.656       0.56      0.475      0.474      0.302

      Epoch    GPU_mem   box_loss   seg_loss   cls_loss   dfl_loss  Instances       Size
                   all          2      41854      0.884      0.759      0.773      0.656      0.565      0.468      0.468      0.314

      Epoch    GPU_mem   box_loss   seg_loss   cls_loss   dfl_loss  Instances       Size
                   all          2      41854      0.884      0.759      0.773      0.656      0.565      0.468      0.468      0.314

      Epoch    GPU_mem   box_loss   seg_loss   cls_loss   dfl_loss  Instances       Size
                   all          2      41854      0.864      0.759      0.787      0.658      0.545      0.468      0.472      0.319

      Epoch    GPU_mem   box_loss   seg_loss   cls_loss   dfl_loss  Instances       Size
                   all          2      41854      0.864      0.759      0.787      0.658      0.545      0.468      0.472      0.319

      Epoch    GPU_mem   box_loss   seg_loss   cls_loss   dfl_loss  Instances       Size
                   all          2      41854      0.854      0.764      0.788       0.66      0.628      0.542      0.549      0.317

      Epoch    GPU_mem   box_loss   seg_loss   cls_loss   dfl_loss  Instances       Size
                   all          2      41854      0.854      0.764      0.788       0.66      0.628      0.542      0.549      0.317

      Epoch    GPU_mem   box_loss   seg_loss   cls_loss   dfl_loss  Instances       Size
                   all          2      41854      0.854      0.764      0.788       0.66      0.628      0.542      0.549      0.317

      Epoch    GPU_mem   box_loss   seg_loss   cls_loss   dfl_loss  Instances       Size
                   all          2      41854       0.88      0.752      0.791      0.648      0.633       0.54      0.545       0.31

      Epoch    GPU_mem   box_loss   seg_loss   cls_loss   dfl_loss  Instances       Size
                   all          2      41854       0.88      0.752      0.791      0.648      0.633       0.54      0.545       0.31

      Epoch    GPU_mem   box_loss   seg_loss   cls_loss   dfl_loss  Instances       Size
                   all          2      41854       0.88      0.752      0.791      0.648      0.633       0.54      0.545       0.31

      Epoch    GPU_mem   box_loss   seg_loss   cls_loss   dfl_loss  Instances       Size
                   all          2      41854      0.876      0.758      0.782       0.64      0.556      0.538      0.533      0.302
Stopping training early as no improvement observed in last 50 epochs. Best results observed at epoch 7, best model saved as best.pt.
To update EarlyStopping(patience=50) pass a new patience value, i.e. `patience=300` or use `patience=0` to disable EarlyStopping.

57 epochs completed in 0.187 hours.
Optimizer stripped from seg_train_2024-01-10/train4/weights/last.pt, 92.3MB
Optimizer stripped from seg_train_2024-01-10/train4/weights/best.pt, 92.3MB

Validating seg_train_2024-01-10/train4/weights/best.pt...
Ultralytics YOLOv8.0.238 🚀 Python-3.11.6 torch-2.1.2+cu121 CUDA:0 (NVIDIA A30, 24062MiB)
YOLOv8l-seg summary (fused): 295 layers, 45921911 parameters, 0 gradients, 220.2 GFLOPs
                   all          2      41854      0.923      0.779      0.797      0.686      0.641      0.545      0.541      0.349
              column_1          2         22          1          1      0.995      0.782      0.727      0.727      0.692      0.322
        negative_rebar          2      24308       0.88   0.000602      0.183     0.0918      0.241   0.000165     0.0557     0.0208
                 rebar          2      17414          1          0          0          0          1          0          0          0
              hollow_1          2         14          1          1      0.995      0.975          0          0          0          0
                  lift          2         12          1          1      0.995      0.995          1          1      0.995      0.832
                 stair          2          4          1          1      0.995      0.995          1          1      0.995      0.995
              column_2          2          4          1          1      0.995      0.821          1          1      0.995      0.286
       air_conditionor          2          2          1          1      0.995      0.995          1          1      0.995      0.697
              hollow_2          2          2          1          1      0.995      0.895          0          0          0          0
              column_4          2          2          1          1      0.995      0.895          1          1      0.995      0.895
              column_3          2          2          1          1      0.995      0.796          1          1      0.995      0.398
       column_vertical          2         32      0.654      0.625      0.702      0.382      0.262       0.25      0.162     0.0285
     column_horizontal          2         36      0.467        0.5      0.516      0.292      0.104      0.111      0.158      0.065
Speed: 0.2ms preprocess, 6.3ms inference, 0.0ms loss, 1.3ms postprocess per image
Results saved to [1mseg_train_2024-01-10/train4[0m
Experiment End: 2024-01-10 16:59:51.221103
